{"name":"hexo","hostname":"HSZC1003-0230","pid":5952,"level":20,"msg":"Hexo version: \u001b[35m3.2.2\u001b[39m","time":"2017-06-02T01:10:41.348Z","v":0}
{"name":"hexo","hostname":"HSZC1003-0230","pid":5952,"level":20,"msg":"Working directory: \u001b[35mG:\\github_repository\\isaacbao.github.io\\blog\\\u001b[39m","time":"2017-06-02T01:10:41.354Z","v":0}
{"name":"hexo","hostname":"HSZC1003-0230","pid":5952,"level":20,"msg":"Config loaded: \u001b[35mG:\\github_repository\\isaacbao.github.io\\blog\\_config.yml\u001b[39m","time":"2017-06-02T01:10:41.640Z","v":0}
{"name":"hexo","hostname":"HSZC1003-0230","pid":5952,"level":20,"msg":"Plugin loaded: \u001b[35mhexo-generator-archive\u001b[39m","time":"2017-06-02T01:10:41.678Z","v":0}
{"name":"hexo","hostname":"HSZC1003-0230","pid":5952,"level":20,"msg":"Plugin loaded: \u001b[35mhexo-deployer-git\u001b[39m","time":"2017-06-02T01:10:41.690Z","v":0}
{"name":"hexo","hostname":"HSZC1003-0230","pid":5952,"level":20,"msg":"Plugin loaded: \u001b[35mhexo-generator-category\u001b[39m","time":"2017-06-02T01:10:41.697Z","v":0}
{"name":"hexo","hostname":"HSZC1003-0230","pid":5952,"level":20,"msg":"Plugin loaded: \u001b[35mhexo-generator-index\u001b[39m","time":"2017-06-02T01:10:41.704Z","v":0}
{"name":"hexo","hostname":"HSZC1003-0230","pid":5952,"level":20,"msg":"Plugin loaded: \u001b[35mhexo-generator-tag\u001b[39m","time":"2017-06-02T01:10:41.710Z","v":0}
{"name":"hexo","hostname":"HSZC1003-0230","pid":5952,"level":20,"msg":"Plugin loaded: \u001b[35mhexo-renderer-ejs\u001b[39m","time":"2017-06-02T01:10:41.723Z","v":0}
{"name":"hexo","hostname":"HSZC1003-0230","pid":5952,"level":20,"msg":"Plugin loaded: \u001b[35mhexo-renderer-marked\u001b[39m","time":"2017-06-02T01:10:41.745Z","v":0}
{"name":"hexo","hostname":"HSZC1003-0230","pid":5952,"level":20,"msg":"Plugin loaded: \u001b[35mhexo-renderer-stylus\u001b[39m","time":"2017-06-02T01:10:41.748Z","v":0}
{"name":"hexo","hostname":"HSZC1003-0230","pid":5952,"level":20,"msg":"Plugin loaded: \u001b[35mhexo-server\u001b[39m","time":"2017-06-02T01:10:41.914Z","v":0}
{"name":"hexo","hostname":"HSZC1003-0230","pid":5952,"level":20,"msg":"Script loaded: \u001b[35mthemes\\next\\scripts\\merge-configs.js\u001b[39m","time":"2017-06-02T01:10:41.922Z","v":0}
{"name":"hexo","hostname":"HSZC1003-0230","pid":5952,"level":20,"msg":"Script loaded: \u001b[35mthemes\\next\\scripts\\tags\\button.js\u001b[39m","time":"2017-06-02T01:10:41.923Z","v":0}
{"name":"hexo","hostname":"HSZC1003-0230","pid":5952,"level":20,"msg":"Script loaded: \u001b[35mthemes\\next\\scripts\\merge.js\u001b[39m","time":"2017-06-02T01:10:41.932Z","v":0}
{"name":"hexo","hostname":"HSZC1003-0230","pid":5952,"level":20,"msg":"Script loaded: \u001b[35mthemes\\next\\scripts\\tags\\center-quote.js\u001b[39m","time":"2017-06-02T01:10:41.934Z","v":0}
{"name":"hexo","hostname":"HSZC1003-0230","pid":5952,"level":20,"msg":"Script loaded: \u001b[35mthemes\\next\\scripts\\tags\\group-pictures.js\u001b[39m","time":"2017-06-02T01:10:41.937Z","v":0}
{"name":"hexo","hostname":"HSZC1003-0230","pid":5952,"level":20,"msg":"Script loaded: \u001b[35mthemes\\next\\scripts\\tags\\exturl.js\u001b[39m","time":"2017-06-02T01:10:41.941Z","v":0}
{"name":"hexo","hostname":"HSZC1003-0230","pid":5952,"level":20,"msg":"Script loaded: \u001b[35mthemes\\next\\scripts\\tags\\full-image.js\u001b[39m","time":"2017-06-02T01:10:41.942Z","v":0}
{"name":"hexo","hostname":"HSZC1003-0230","pid":5952,"level":20,"msg":"Script loaded: \u001b[35mthemes\\next\\scripts\\tags\\lazy-image.js\u001b[39m","time":"2017-06-02T01:10:41.944Z","v":0}
{"name":"hexo","hostname":"HSZC1003-0230","pid":5952,"level":20,"msg":"Script loaded: \u001b[35mthemes\\next\\scripts\\tags\\note.js\u001b[39m","time":"2017-06-02T01:10:41.946Z","v":0}
{"name":"hexo","hostname":"HSZC1003-0230","pid":5952,"level":20,"msg":"Loading database.","time":"2017-06-02T01:10:41.965Z","v":0}
{"name":"hexo","hostname":"HSZC1003-0230","pid":5952,"level":30,"msg":"Start processing","time":"2017-06-02T01:10:42.143Z","v":0}
{"name":"hexo","hostname":"HSZC1003-0230","pid":5952,"level":20,"msg":"Processed: \u001b[35m_posts/WNDR-4300-OpenWrt.md\u001b[39m","time":"2017-06-02T01:10:42.372Z","v":0}
{"name":"hexo","hostname":"HSZC1003-0230","pid":5952,"level":20,"msg":"Processed: \u001b[35m_posts/build-shadowsocks-server.md\u001b[39m","time":"2017-06-02T01:10:42.373Z","v":0}
{"name":"hexo","hostname":"HSZC1003-0230","pid":5952,"level":20,"msg":"Processed: \u001b[35m_posts/intellij-import-maven-project.md\u001b[39m","time":"2017-06-02T01:10:42.374Z","v":0}
{"name":"hexo","hostname":"HSZC1003-0230","pid":5952,"level":20,"msg":"Processed: \u001b[35m_posts/java-web-crawling-startup.md\u001b[39m","time":"2017-06-02T01:10:42.376Z","v":0}
{"name":"hexo","hostname":"HSZC1003-0230","pid":5952,"level":20,"msg":"Processed: \u001b[35m_posts/jsTricks.md\u001b[39m","time":"2017-06-02T01:10:42.377Z","v":0}
{"name":"hexo","hostname":"HSZC1003-0230","pid":5952,"level":20,"msg":"Processed: \u001b[35m_posts/start-nodejs.md\u001b[39m","time":"2017-06-02T01:10:42.378Z","v":0}
{"name":"hexo","hostname":"HSZC1003-0230","pid":5952,"level":20,"msg":"Processed: \u001b[35m_posts/redis-cli-guide.md\u001b[39m","time":"2017-06-02T01:10:42.379Z","v":0}
{"name":"hexo","hostname":"HSZC1003-0230","pid":5952,"level":20,"msg":"Processed: \u001b[35m_posts/use-selenium-in-vps.md\u001b[39m","time":"2017-06-02T01:10:42.380Z","v":0}
{"name":"hexo","hostname":"HSZC1003-0230","pid":5952,"level":20,"msg":"Theme config loaded.","time":"2017-06-02T01:10:42.638Z","v":0}
{"name":"hexo","hostname":"HSZC1003-0230","pid":5952,"level":20,"msg":"Processed: \u001b[35m_config.yml\u001b[39m","time":"2017-06-02T01:10:42.652Z","v":0}
{"name":"hexo","hostname":"HSZC1003-0230","pid":5952,"level":20,"msg":"Processed: \u001b[35m_posts/WNDR-4300-OpenWrt/openNcpa.png\u001b[39m","time":"2017-06-02T01:10:42.654Z","v":0}
{"name":"hexo","hostname":"HSZC1003-0230","pid":5952,"level":20,"msg":"Processed: \u001b[35m_posts/WNDR-4300-OpenWrt/property.png\u001b[39m","time":"2017-06-02T01:10:42.656Z","v":0}
{"name":"hexo","hostname":"HSZC1003-0230","pid":5952,"level":20,"msg":"Processed: \u001b[35m_posts/WNDR-4300-OpenWrt/selectEtherNet.png\u001b[39m","time":"2017-06-02T01:10:42.658Z","v":0}
{"name":"hexo","hostname":"HSZC1003-0230","pid":5952,"level":20,"msg":"Processed: \u001b[35m_posts/WNDR-4300-OpenWrt/selectIPV4.png\u001b[39m","time":"2017-06-02T01:10:42.661Z","v":0}
{"name":"hexo","hostname":"HSZC1003-0230","pid":5952,"level":20,"msg":"Processed: \u001b[35m_posts/WNDR-4300-OpenWrt/setIPV4.png\u001b[39m","time":"2017-06-02T01:10:42.663Z","v":0}
{"name":"hexo","hostname":"HSZC1003-0230","pid":5952,"level":20,"msg":"Processed: \u001b[35m_posts/build-shadowsocks-server/charge.png\u001b[39m","time":"2017-06-02T01:10:42.666Z","v":0}
{"name":"hexo","hostname":"HSZC1003-0230","pid":5952,"level":20,"msg":"Processed: \u001b[35m_posts/build-shadowsocks-server/editServer.png\u001b[39m","time":"2017-06-02T01:10:42.671Z","v":0}
{"name":"hexo","hostname":"HSZC1003-0230","pid":5952,"level":20,"msg":"Processed: \u001b[35m_posts/build-shadowsocks-server/editServer2.png\u001b[39m","time":"2017-06-02T01:10:42.677Z","v":0}
{"name":"hexo","hostname":"HSZC1003-0230","pid":5952,"level":20,"msg":"Processed: \u001b[35m_posts/build-shadowsocks-server/selectLocation2.png\u001b[39m","time":"2017-06-02T01:10:42.681Z","v":0}
{"name":"hexo","hostname":"HSZC1003-0230","pid":5952,"level":20,"msg":"Processed: \u001b[35m_posts/build-shadowsocks-server/selectServer.png\u001b[39m","time":"2017-06-02T01:10:42.686Z","v":0}
{"name":"hexo","hostname":"HSZC1003-0230","pid":5952,"level":20,"msg":"Processed: \u001b[35m_posts/build-shadowsocks-server/selectServer4.png\u001b[39m","time":"2017-06-02T01:10:42.691Z","v":0}
{"name":"hexo","hostname":"HSZC1003-0230","pid":5952,"level":20,"msg":"Processed: \u001b[35m_posts/build-shadowsocks-server/usePutty.png\u001b[39m","time":"2017-06-02T01:10:42.693Z","v":0}
{"name":"hexo","hostname":"HSZC1003-0230","pid":5952,"level":20,"msg":"Processed: \u001b[35m_posts/build-shadowsocks-server/usePutty2.png\u001b[39m","time":"2017-06-02T01:10:42.697Z","v":0}
{"name":"hexo","hostname":"HSZC1003-0230","pid":5952,"level":20,"msg":"Processed: \u001b[35m_posts/build-shadowsocks-server/usePutty3.png\u001b[39m","time":"2017-06-02T01:10:42.701Z","v":0}
{"name":"hexo","hostname":"HSZC1003-0230","pid":5952,"level":20,"msg":"Processed: \u001b[35m_posts/intellij-import-maven-project/intellij_start.png\u001b[39m","time":"2017-06-02T01:10:42.704Z","v":0}
{"name":"hexo","hostname":"HSZC1003-0230","pid":5952,"level":20,"msg":"Processed: \u001b[35m_posts/intellij-import-maven-project/new_project_from.png\u001b[39m","time":"2017-06-02T01:10:42.707Z","v":0}
{"name":"hexo","hostname":"HSZC1003-0230","pid":5952,"level":20,"msg":"Processed: \u001b[35m_posts/intellij-import-maven-project/select_project.png\u001b[39m","time":"2017-06-02T01:10:42.710Z","v":0}
{"name":"hexo","hostname":"HSZC1003-0230","pid":5952,"level":20,"msg":"Processed: \u001b[35m_posts/intellij-import-maven-project/wait_dependence.png\u001b[39m","time":"2017-06-02T01:10:42.714Z","v":0}
{"name":"hexo","hostname":"HSZC1003-0230","pid":5952,"level":20,"msg":"Processed: \u001b[35m_posts/java-web-crawling-startup/edit_system_varaiable1.png\u001b[39m","time":"2017-06-02T01:10:42.719Z","v":0}
{"name":"hexo","hostname":"HSZC1003-0230","pid":5952,"level":20,"msg":"Processed: \u001b[35m_posts/java-web-crawling-startup/edit_system_varaiable.png\u001b[39m","time":"2017-06-02T01:10:42.723Z","v":0}
{"name":"hexo","hostname":"HSZC1003-0230","pid":5952,"level":20,"msg":"Processed: \u001b[35m_posts/java-web-crawling-startup/find-request.png\u001b[39m","time":"2017-06-02T01:10:42.726Z","v":0}
{"name":"hexo","hostname":"HSZC1003-0230","pid":5952,"level":20,"msg":"Processed: \u001b[35m_posts/java-web-crawling-startup/import-intellij1.png\u001b[39m","time":"2017-06-02T01:10:42.729Z","v":0}
{"name":"hexo","hostname":"HSZC1003-0230","pid":5952,"level":20,"msg":"Processed: \u001b[35m_posts/java-web-crawling-startup/import-intellij2.png\u001b[39m","time":"2017-06-02T01:10:42.732Z","v":0}
{"name":"hexo","hostname":"HSZC1003-0230","pid":5952,"level":20,"msg":"Processed: \u001b[35m_posts/java-web-crawling-startup/intellij-welcome.png\u001b[39m","time":"2017-06-02T01:10:42.736Z","v":0}
{"name":"hexo","hostname":"HSZC1003-0230","pid":5952,"level":20,"msg":"Processed: \u001b[35m_posts/java-web-crawling-startup/no_param.png\u001b[39m","time":"2017-06-02T01:10:42.741Z","v":0}
{"name":"hexo","hostname":"HSZC1003-0230","pid":5952,"level":20,"msg":"Processed: \u001b[35m_posts/java-web-crawling-startup/open_system_varaible.png\u001b[39m","time":"2017-06-02T01:10:42.745Z","v":0}
{"name":"hexo","hostname":"HSZC1003-0230","pid":5952,"level":20,"msg":"Processed: \u001b[35m_posts/java-web-crawling-startup/run_cmd.png\u001b[39m","time":"2017-06-02T01:10:42.748Z","v":0}
{"name":"hexo","hostname":"HSZC1003-0230","pid":5952,"level":20,"msg":"Processed: \u001b[35m_posts/java-web-crawling-startup/regexr.png\u001b[39m","time":"2017-06-02T01:10:42.750Z","v":0}
{"name":"hexo","hostname":"HSZC1003-0230","pid":5952,"level":20,"msg":"Processed: \u001b[35m_posts/java-web-crawling-startup/select-dom.png\u001b[39m","time":"2017-06-02T01:10:42.753Z","v":0}
{"name":"hexo","hostname":"HSZC1003-0230","pid":5952,"level":20,"msg":"Processed: \u001b[35m_posts/java-web-crawling-startup/select-dom3.png\u001b[39m","time":"2017-06-02T01:10:42.755Z","v":0}
{"name":"hexo","hostname":"HSZC1003-0230","pid":5952,"level":20,"msg":"Processed: \u001b[35m_posts/java-web-crawling-startup/select-path.png\u001b[39m","time":"2017-06-02T01:10:42.757Z","v":0}
{"name":"hexo","hostname":"HSZC1003-0230","pid":5952,"level":20,"msg":"Processed: \u001b[35m_posts/java-web-crawling-startup/system_properties.png\u001b[39m","time":"2017-06-02T01:10:42.760Z","v":0}
{"name":"hexo","hostname":"HSZC1003-0230","pid":5952,"level":20,"msg":"Processed: \u001b[35m_posts/java-web-crawling-startup/test_ant.png\u001b[39m","time":"2017-06-02T01:10:42.763Z","v":0}
{"name":"hexo","hostname":"HSZC1003-0230","pid":5952,"level":20,"msg":"Processed: \u001b[35m_posts/java-web-crawling-startup/urldecode1.png\u001b[39m","time":"2017-06-02T01:10:42.767Z","v":0}
{"name":"hexo","hostname":"HSZC1003-0230","pid":5952,"level":20,"msg":"Processed: \u001b[35m_posts/java-web-crawling-startup/urldeocde2.png\u001b[39m","time":"2017-06-02T01:10:42.771Z","v":0}
{"name":"hexo","hostname":"HSZC1003-0230","pid":5952,"level":20,"msg":"Processed: \u001b[35m_posts/java-web-crawling-startup/urldeocde3.png\u001b[39m","time":"2017-06-02T01:10:42.773Z","v":0}
{"name":"hexo","hostname":"HSZC1003-0230","pid":5952,"level":20,"msg":"Processed: \u001b[35m_posts/java-web-crawling-startup/view.png\u001b[39m","time":"2017-06-02T01:10:42.774Z","v":0}
{"name":"hexo","hostname":"HSZC1003-0230","pid":5952,"level":20,"msg":"Processed: \u001b[35m_posts/build-shadowsocks-server/bind-credit-card.png\u001b[39m","time":"2017-06-02T01:10:42.842Z","v":0}
{"name":"hexo","hostname":"HSZC1003-0230","pid":5952,"level":20,"msg":"Processed: \u001b[35msource/css/main.styl\u001b[39m","time":"2017-06-02T01:10:42.845Z","v":0}
{"name":"hexo","hostname":"HSZC1003-0230","pid":5952,"level":20,"msg":"Processed: \u001b[35m_posts/build-shadowsocks-server/bind-credit-card2.png\u001b[39m","time":"2017-06-02T01:10:42.848Z","v":0}
{"name":"hexo","hostname":"HSZC1003-0230","pid":5952,"level":20,"msg":"Processed: \u001b[35msource/images/algolia_logo.svg\u001b[39m","time":"2017-06-02T01:10:42.849Z","v":0}
{"name":"hexo","hostname":"HSZC1003-0230","pid":5952,"level":20,"msg":"Processed: \u001b[35m_posts/build-shadowsocks-server/selectLocation.png\u001b[39m","time":"2017-06-02T01:10:42.852Z","v":0}
{"name":"hexo","hostname":"HSZC1003-0230","pid":5952,"level":20,"msg":"Processed: \u001b[35msource/images/avatar.gif\u001b[39m","time":"2017-06-02T01:10:42.854Z","v":0}
{"name":"hexo","hostname":"HSZC1003-0230","pid":5952,"level":20,"msg":"Processed: \u001b[35m_posts/build-shadowsocks-server/selectServer2.png\u001b[39m","time":"2017-06-02T01:10:42.856Z","v":0}
{"name":"hexo","hostname":"HSZC1003-0230","pid":5952,"level":20,"msg":"Processed: \u001b[35msource/images/cc-by-nc-nd.svg\u001b[39m","time":"2017-06-02T01:10:42.857Z","v":0}
{"name":"hexo","hostname":"HSZC1003-0230","pid":5952,"level":20,"msg":"Processed: \u001b[35m_posts/build-shadowsocks-server/selectServer3.png\u001b[39m","time":"2017-06-02T01:10:42.859Z","v":0}
{"name":"hexo","hostname":"HSZC1003-0230","pid":5952,"level":20,"msg":"Processed: \u001b[35msource/images/cc-by-nc-sa.svg\u001b[39m","time":"2017-06-02T01:10:42.860Z","v":0}
{"name":"hexo","hostname":"HSZC1003-0230","pid":5952,"level":20,"msg":"Processed: \u001b[35m_posts/build-shadowsocks-server/vultr2016-1.jpg\u001b[39m","time":"2017-06-02T01:10:42.864Z","v":0}
{"name":"hexo","hostname":"HSZC1003-0230","pid":5952,"level":20,"msg":"Processed: \u001b[35msource/images/cc-by-nc.svg\u001b[39m","time":"2017-06-02T01:10:42.866Z","v":0}
{"name":"hexo","hostname":"HSZC1003-0230","pid":5952,"level":20,"msg":"Processed: \u001b[35m_posts/intellij-import-maven-project/select_jdk.png\u001b[39m","time":"2017-06-02T01:10:42.869Z","v":0}
{"name":"hexo","hostname":"HSZC1003-0230","pid":5952,"level":20,"msg":"Processed: \u001b[35msource/images/cc-by-nd.svg\u001b[39m","time":"2017-06-02T01:10:42.871Z","v":0}
{"name":"hexo","hostname":"HSZC1003-0230","pid":5952,"level":20,"msg":"Processed: \u001b[35m_posts/java-web-crawling-startup/select-dom2.png\u001b[39m","time":"2017-06-02T01:10:42.874Z","v":0}
{"name":"hexo","hostname":"HSZC1003-0230","pid":5952,"level":20,"msg":"Processed: \u001b[35msource/images/cc-by-sa.svg\u001b[39m","time":"2017-06-02T01:10:42.875Z","v":0}
{"name":"hexo","hostname":"HSZC1003-0230","pid":5952,"level":20,"msg":"Processed: \u001b[35m_posts/java-web-crawling-startup/view-source.png\u001b[39m","time":"2017-06-02T01:10:42.876Z","v":0}
{"name":"hexo","hostname":"HSZC1003-0230","pid":5952,"level":20,"msg":"Processed: \u001b[35msource/images/cc-by.svg\u001b[39m","time":"2017-06-02T01:10:42.877Z","v":0}
{"name":"hexo","hostname":"HSZC1003-0230","pid":5952,"level":20,"msg":"Processed: \u001b[35msource/images/cc-zero.svg\u001b[39m","time":"2017-06-02T01:10:42.878Z","v":0}
{"name":"hexo","hostname":"HSZC1003-0230","pid":5952,"level":20,"msg":"Processed: \u001b[35msource/images/loading.gif\u001b[39m","time":"2017-06-02T01:10:42.880Z","v":0}
{"name":"hexo","hostname":"HSZC1003-0230","pid":5952,"level":20,"msg":"Processed: \u001b[35msource/images/placeholder.gif\u001b[39m","time":"2017-06-02T01:10:42.881Z","v":0}
{"name":"hexo","hostname":"HSZC1003-0230","pid":5952,"level":20,"msg":"Processed: \u001b[35msource/images/quote-l.svg\u001b[39m","time":"2017-06-02T01:10:42.882Z","v":0}
{"name":"hexo","hostname":"HSZC1003-0230","pid":5952,"level":20,"msg":"Processed: \u001b[35msource/images/quote-r.svg\u001b[39m","time":"2017-06-02T01:10:42.884Z","v":0}
{"name":"hexo","hostname":"HSZC1003-0230","pid":5952,"level":20,"msg":"Processed: \u001b[35msource/images/searchicon.png\u001b[39m","time":"2017-06-02T01:10:42.885Z","v":0}
{"name":"hexo","hostname":"HSZC1003-0230","pid":5952,"level":20,"msg":"Processed: \u001b[35mlayout/_layout.swig\u001b[39m","time":"2017-06-02T01:10:43.683Z","v":0}
{"name":"hexo","hostname":"HSZC1003-0230","pid":5952,"level":20,"msg":"Processed: \u001b[35mlayout/archive.swig\u001b[39m","time":"2017-06-02T01:10:43.684Z","v":0}
{"name":"hexo","hostname":"HSZC1003-0230","pid":5952,"level":20,"msg":"Processed: \u001b[35mlayout/category.swig\u001b[39m","time":"2017-06-02T01:10:43.686Z","v":0}
{"name":"hexo","hostname":"HSZC1003-0230","pid":5952,"level":20,"msg":"Processed: \u001b[35mlayout/index.swig\u001b[39m","time":"2017-06-02T01:10:43.687Z","v":0}
{"name":"hexo","hostname":"HSZC1003-0230","pid":5952,"level":20,"msg":"Processed: \u001b[35mlayout/page.swig\u001b[39m","time":"2017-06-02T01:10:43.688Z","v":0}
{"name":"hexo","hostname":"HSZC1003-0230","pid":5952,"level":20,"msg":"Processed: \u001b[35mlayout/schedule.swig\u001b[39m","time":"2017-06-02T01:10:43.690Z","v":0}
{"name":"hexo","hostname":"HSZC1003-0230","pid":5952,"level":20,"msg":"Processed: \u001b[35mlayout/post.swig\u001b[39m","time":"2017-06-02T01:10:43.691Z","v":0}
{"name":"hexo","hostname":"HSZC1003-0230","pid":5952,"level":20,"msg":"Processed: \u001b[35mlayout/tag.swig\u001b[39m","time":"2017-06-02T01:10:43.692Z","v":0}
{"name":"hexo","hostname":"HSZC1003-0230","pid":5952,"level":20,"msg":"Processed: \u001b[35mlanguages/default.yml\u001b[39m","time":"2017-06-02T01:10:43.701Z","v":0}
{"name":"hexo","hostname":"HSZC1003-0230","pid":5952,"level":20,"msg":"Processed: \u001b[35mlanguages/de.yml\u001b[39m","time":"2017-06-02T01:10:43.702Z","v":0}
{"name":"hexo","hostname":"HSZC1003-0230","pid":5952,"level":20,"msg":"Processed: \u001b[35mlanguages/en.yml\u001b[39m","time":"2017-06-02T01:10:43.704Z","v":0}
{"name":"hexo","hostname":"HSZC1003-0230","pid":5952,"level":20,"msg":"Processed: \u001b[35mlanguages/fr-FR.yml\u001b[39m","time":"2017-06-02T01:10:43.705Z","v":0}
{"name":"hexo","hostname":"HSZC1003-0230","pid":5952,"level":20,"msg":"Processed: \u001b[35mlanguages/id.yml\u001b[39m","time":"2017-06-02T01:10:43.707Z","v":0}
{"name":"hexo","hostname":"HSZC1003-0230","pid":5952,"level":20,"msg":"Processed: \u001b[35mlanguages/ja.yml\u001b[39m","time":"2017-06-02T01:10:43.708Z","v":0}
{"name":"hexo","hostname":"HSZC1003-0230","pid":5952,"level":20,"msg":"Processed: \u001b[35mlanguages/pt-BR.yml\u001b[39m","time":"2017-06-02T01:10:43.709Z","v":0}
{"name":"hexo","hostname":"HSZC1003-0230","pid":5952,"level":20,"msg":"Processed: \u001b[35mlanguages/ko.yml\u001b[39m","time":"2017-06-02T01:10:43.711Z","v":0}
{"name":"hexo","hostname":"HSZC1003-0230","pid":5952,"level":20,"msg":"Processed: \u001b[35mlanguages/pt.yml\u001b[39m","time":"2017-06-02T01:10:43.712Z","v":0}
{"name":"hexo","hostname":"HSZC1003-0230","pid":5952,"level":20,"msg":"Processed: \u001b[35mlanguages/zh-Hans.yml\u001b[39m","time":"2017-06-02T01:10:43.713Z","v":0}
{"name":"hexo","hostname":"HSZC1003-0230","pid":5952,"level":20,"msg":"Processed: \u001b[35mlanguages/ru.yml\u001b[39m","time":"2017-06-02T01:10:43.715Z","v":0}
{"name":"hexo","hostname":"HSZC1003-0230","pid":5952,"level":20,"msg":"Processed: \u001b[35mlanguages/zh-hk.yml\u001b[39m","time":"2017-06-02T01:10:43.716Z","v":0}
{"name":"hexo","hostname":"HSZC1003-0230","pid":5952,"level":20,"msg":"Processed: \u001b[35mlanguages/zh-tw.yml\u001b[39m","time":"2017-06-02T01:10:43.718Z","v":0}
{"name":"hexo","hostname":"HSZC1003-0230","pid":5952,"level":20,"msg":"Processed: \u001b[35msource/js/src/affix.js\u001b[39m","time":"2017-06-02T01:10:43.753Z","v":0}
{"name":"hexo","hostname":"HSZC1003-0230","pid":5952,"level":20,"msg":"Processed: \u001b[35msource/js/src/bootstrap.js\u001b[39m","time":"2017-06-02T01:10:43.754Z","v":0}
{"name":"hexo","hostname":"HSZC1003-0230","pid":5952,"level":20,"msg":"Processed: \u001b[35msource/js/src/algolia-search.js\u001b[39m","time":"2017-06-02T01:10:43.755Z","v":0}
{"name":"hexo","hostname":"HSZC1003-0230","pid":5952,"level":20,"msg":"Processed: \u001b[35msource/js/src/exturl.js\u001b[39m","time":"2017-06-02T01:10:43.757Z","v":0}
{"name":"hexo","hostname":"HSZC1003-0230","pid":5952,"level":20,"msg":"Processed: \u001b[35msource/js/src/hook-duoshuo.js\u001b[39m","time":"2017-06-02T01:10:43.760Z","v":0}
{"name":"hexo","hostname":"HSZC1003-0230","pid":5952,"level":20,"msg":"Processed: \u001b[35msource/js/src/motion.js\u001b[39m","time":"2017-06-02T01:10:43.761Z","v":0}
{"name":"hexo","hostname":"HSZC1003-0230","pid":5952,"level":20,"msg":"Processed: \u001b[35msource/js/src/js.cookie.js\u001b[39m","time":"2017-06-02T01:10:43.762Z","v":0}
{"name":"hexo","hostname":"HSZC1003-0230","pid":5952,"level":20,"msg":"Processed: \u001b[35msource/js/src/scroll-cookie.js\u001b[39m","time":"2017-06-02T01:10:43.763Z","v":0}
{"name":"hexo","hostname":"HSZC1003-0230","pid":5952,"level":20,"msg":"Processed: \u001b[35msource/js/src/post-details.js\u001b[39m","time":"2017-06-02T01:10:43.764Z","v":0}
{"name":"hexo","hostname":"HSZC1003-0230","pid":5952,"level":20,"msg":"Processed: \u001b[35msource/js/src/utils.js\u001b[39m","time":"2017-06-02T01:10:43.766Z","v":0}
{"name":"hexo","hostname":"HSZC1003-0230","pid":5952,"level":20,"msg":"Processed: \u001b[35msource/js/src/scrollspy.js\u001b[39m","time":"2017-06-02T01:10:43.767Z","v":0}
{"name":"hexo","hostname":"HSZC1003-0230","pid":5952,"level":20,"msg":"Processed: \u001b[35msource/lib/algolia-instant-search/instantsearch.min.css\u001b[39m","time":"2017-06-02T01:10:43.768Z","v":0}
{"name":"hexo","hostname":"HSZC1003-0230","pid":5952,"level":20,"msg":"Processed: \u001b[35msource/lib/canvas-nest/canvas-nest.min.js\u001b[39m","time":"2017-06-02T01:10:43.770Z","v":0}
{"name":"hexo","hostname":"HSZC1003-0230","pid":5952,"level":20,"msg":"Processed: \u001b[35msource/lib/canvas-ribbon/canvas-ribbon.js\u001b[39m","time":"2017-06-02T01:10:43.771Z","v":0}
{"name":"hexo","hostname":"HSZC1003-0230","pid":5952,"level":20,"msg":"Processed: \u001b[35msource/lib/fastclick/LICENSE\u001b[39m","time":"2017-06-02T01:10:43.773Z","v":0}
{"name":"hexo","hostname":"HSZC1003-0230","pid":5952,"level":20,"msg":"Processed: \u001b[35msource/lib/fastclick/README.md\u001b[39m","time":"2017-06-02T01:10:43.774Z","v":0}
{"name":"hexo","hostname":"HSZC1003-0230","pid":5952,"level":20,"msg":"Processed: \u001b[35msource/lib/fastclick/bower.json\u001b[39m","time":"2017-06-02T01:10:43.775Z","v":0}
{"name":"hexo","hostname":"HSZC1003-0230","pid":5952,"level":20,"msg":"Processed: \u001b[35msource/lib/font-awesome/HELP-US-OUT.txt\u001b[39m","time":"2017-06-02T01:10:43.777Z","v":0}
{"name":"hexo","hostname":"HSZC1003-0230","pid":5952,"level":20,"msg":"Processed: \u001b[35msource/lib/font-awesome/bower.json\u001b[39m","time":"2017-06-02T01:10:43.778Z","v":0}
{"name":"hexo","hostname":"HSZC1003-0230","pid":5952,"level":20,"msg":"Processed: \u001b[35msource/lib/jquery_lazyload/CONTRIBUTING.md\u001b[39m","time":"2017-06-02T01:10:43.780Z","v":0}
{"name":"hexo","hostname":"HSZC1003-0230","pid":5952,"level":20,"msg":"Processed: \u001b[35msource/lib/jquery_lazyload/bower.json\u001b[39m","time":"2017-06-02T01:10:43.781Z","v":0}
{"name":"hexo","hostname":"HSZC1003-0230","pid":5952,"level":20,"msg":"Processed: \u001b[35msource/lib/jquery_lazyload/README.md\u001b[39m","time":"2017-06-02T01:10:43.783Z","v":0}
{"name":"hexo","hostname":"HSZC1003-0230","pid":5952,"level":20,"msg":"Processed: \u001b[35msource/lib/jquery_lazyload/jquery.lazyload.js\u001b[39m","time":"2017-06-02T01:10:43.785Z","v":0}
{"name":"hexo","hostname":"HSZC1003-0230","pid":5952,"level":20,"msg":"Processed: \u001b[35msource/lib/jquery_lazyload/jquery.scrollstop.js\u001b[39m","time":"2017-06-02T01:10:43.787Z","v":0}
{"name":"hexo","hostname":"HSZC1003-0230","pid":5952,"level":20,"msg":"Processed: \u001b[35msource/lib/pace/pace-theme-barber-shop.min.css\u001b[39m","time":"2017-06-02T01:10:43.788Z","v":0}
{"name":"hexo","hostname":"HSZC1003-0230","pid":5952,"level":20,"msg":"Processed: \u001b[35msource/lib/pace/pace-theme-big-counter.min.css\u001b[39m","time":"2017-06-02T01:10:43.789Z","v":0}
{"name":"hexo","hostname":"HSZC1003-0230","pid":5952,"level":20,"msg":"Processed: \u001b[35msource/lib/pace/pace-theme-bounce.min.css\u001b[39m","time":"2017-06-02T01:10:43.791Z","v":0}
{"name":"hexo","hostname":"HSZC1003-0230","pid":5952,"level":20,"msg":"Processed: \u001b[35msource/lib/pace/pace-theme-center-atom.min.css\u001b[39m","time":"2017-06-02T01:10:43.792Z","v":0}
{"name":"hexo","hostname":"HSZC1003-0230","pid":5952,"level":20,"msg":"Processed: \u001b[35msource/lib/pace/pace-theme-center-circle.min.css\u001b[39m","time":"2017-06-02T01:10:43.793Z","v":0}
{"name":"hexo","hostname":"HSZC1003-0230","pid":5952,"level":20,"msg":"Processed: \u001b[35msource/lib/pace/pace-theme-center-radar.min.css\u001b[39m","time":"2017-06-02T01:10:43.795Z","v":0}
{"name":"hexo","hostname":"HSZC1003-0230","pid":5952,"level":20,"msg":"Processed: \u001b[35msource/lib/pace/pace-theme-center-simple.min.css\u001b[39m","time":"2017-06-02T01:10:43.796Z","v":0}
{"name":"hexo","hostname":"HSZC1003-0230","pid":5952,"level":20,"msg":"Processed: \u001b[35msource/lib/pace/pace-theme-corner-indicator.min.css\u001b[39m","time":"2017-06-02T01:10:43.798Z","v":0}
{"name":"hexo","hostname":"HSZC1003-0230","pid":5952,"level":20,"msg":"Processed: \u001b[35msource/lib/pace/pace-theme-fill-left.min.css\u001b[39m","time":"2017-06-02T01:10:43.802Z","v":0}
{"name":"hexo","hostname":"HSZC1003-0230","pid":5952,"level":20,"msg":"Processed: \u001b[35msource/lib/pace/pace-theme-flash.min.css\u001b[39m","time":"2017-06-02T01:10:43.803Z","v":0}
{"name":"hexo","hostname":"HSZC1003-0230","pid":5952,"level":20,"msg":"Processed: \u001b[35msource/lib/pace/pace-theme-loading-bar.min.css\u001b[39m","time":"2017-06-02T01:10:43.804Z","v":0}
{"name":"hexo","hostname":"HSZC1003-0230","pid":5952,"level":20,"msg":"Processed: \u001b[35msource/lib/pace/pace-theme-mac-osx.min.css\u001b[39m","time":"2017-06-02T01:10:43.806Z","v":0}
{"name":"hexo","hostname":"HSZC1003-0230","pid":5952,"level":20,"msg":"Processed: \u001b[35msource/lib/pace/pace-theme-minimal.min.css\u001b[39m","time":"2017-06-02T01:10:43.807Z","v":0}
{"name":"hexo","hostname":"HSZC1003-0230","pid":5952,"level":20,"msg":"Processed: \u001b[35msource/lib/pace/pace.min.js\u001b[39m","time":"2017-06-02T01:10:43.809Z","v":0}
{"name":"hexo","hostname":"HSZC1003-0230","pid":5952,"level":20,"msg":"Processed: \u001b[35msource/lib/three/canvas_lines.min.js\u001b[39m","time":"2017-06-02T01:10:43.810Z","v":0}
{"name":"hexo","hostname":"HSZC1003-0230","pid":5952,"level":20,"msg":"Processed: \u001b[35msource/lib/three/canvas_sphere.min.js\u001b[39m","time":"2017-06-02T01:10:43.812Z","v":0}
{"name":"hexo","hostname":"HSZC1003-0230","pid":5952,"level":20,"msg":"Processed: \u001b[35msource/lib/three/three-waves.min.js\u001b[39m","time":"2017-06-02T01:10:43.813Z","v":0}
{"name":"hexo","hostname":"HSZC1003-0230","pid":5952,"level":20,"msg":"Processed: \u001b[35msource/lib/velocity/bower.json\u001b[39m","time":"2017-06-02T01:10:43.815Z","v":0}
{"name":"hexo","hostname":"HSZC1003-0230","pid":5952,"level":20,"msg":"Processed: \u001b[35msource/lib/velocity/velocity.min.js\u001b[39m","time":"2017-06-02T01:10:43.816Z","v":0}
{"name":"hexo","hostname":"HSZC1003-0230","pid":5952,"level":20,"msg":"Processed: \u001b[35msource/lib/velocity/velocity.ui.js\u001b[39m","time":"2017-06-02T01:10:43.817Z","v":0}
{"name":"hexo","hostname":"HSZC1003-0230","pid":5952,"level":20,"msg":"Processed: \u001b[35msource/lib/velocity/velocity.ui.min.js\u001b[39m","time":"2017-06-02T01:10:43.819Z","v":0}
{"name":"hexo","hostname":"HSZC1003-0230","pid":5952,"level":20,"msg":"Processed: \u001b[35mlayout/_custom/sidebar.swig\u001b[39m","time":"2017-06-02T01:10:43.959Z","v":0}
{"name":"hexo","hostname":"HSZC1003-0230","pid":5952,"level":20,"msg":"Processed: \u001b[35mlayout/_custom/header.swig\u001b[39m","time":"2017-06-02T01:10:43.960Z","v":0}
{"name":"hexo","hostname":"HSZC1003-0230","pid":5952,"level":20,"msg":"Processed: \u001b[35mlayout/_macro/post-collapse.swig\u001b[39m","time":"2017-06-02T01:10:43.962Z","v":0}
{"name":"hexo","hostname":"HSZC1003-0230","pid":5952,"level":20,"msg":"Processed: \u001b[35mlayout/_macro/post-copyright.swig\u001b[39m","time":"2017-06-02T01:10:43.962Z","v":0}
{"name":"hexo","hostname":"HSZC1003-0230","pid":5952,"level":20,"msg":"Processed: \u001b[35mlayout/_macro/post.swig\u001b[39m","time":"2017-06-02T01:10:43.964Z","v":0}
{"name":"hexo","hostname":"HSZC1003-0230","pid":5952,"level":20,"msg":"Processed: \u001b[35mlayout/_macro/reward.swig\u001b[39m","time":"2017-06-02T01:10:43.965Z","v":0}
{"name":"hexo","hostname":"HSZC1003-0230","pid":5952,"level":20,"msg":"Processed: \u001b[35mlayout/_macro/sidebar.swig\u001b[39m","time":"2017-06-02T01:10:43.966Z","v":0}
{"name":"hexo","hostname":"HSZC1003-0230","pid":5952,"level":20,"msg":"Processed: \u001b[35mlayout/_macro/wechat-subscriber.swig\u001b[39m","time":"2017-06-02T01:10:43.967Z","v":0}
{"name":"hexo","hostname":"HSZC1003-0230","pid":5952,"level":20,"msg":"Processed: \u001b[35mlayout/_partials/footer.swig\u001b[39m","time":"2017-06-02T01:10:43.968Z","v":0}
{"name":"hexo","hostname":"HSZC1003-0230","pid":5952,"level":20,"msg":"Processed: \u001b[35mlayout/_partials/comments.swig\u001b[39m","time":"2017-06-02T01:10:43.969Z","v":0}
{"name":"hexo","hostname":"HSZC1003-0230","pid":5952,"level":20,"msg":"Processed: \u001b[35mlayout/_partials/head.swig\u001b[39m","time":"2017-06-02T01:10:43.970Z","v":0}
{"name":"hexo","hostname":"HSZC1003-0230","pid":5952,"level":20,"msg":"Processed: \u001b[35mlayout/_partials/header.swig\u001b[39m","time":"2017-06-02T01:10:43.971Z","v":0}
{"name":"hexo","hostname":"HSZC1003-0230","pid":5952,"level":20,"msg":"Processed: \u001b[35mlayout/_partials/page-header.swig\u001b[39m","time":"2017-06-02T01:10:43.972Z","v":0}
{"name":"hexo","hostname":"HSZC1003-0230","pid":5952,"level":20,"msg":"Processed: \u001b[35mlayout/_partials/pagination.swig\u001b[39m","time":"2017-06-02T01:10:43.973Z","v":0}
{"name":"hexo","hostname":"HSZC1003-0230","pid":5952,"level":20,"msg":"Processed: \u001b[35mlayout/_partials/search.swig\u001b[39m","time":"2017-06-02T01:10:43.974Z","v":0}
{"name":"hexo","hostname":"HSZC1003-0230","pid":5952,"level":20,"msg":"Processed: \u001b[35mlayout/_scripts/boostrap.swig\u001b[39m","time":"2017-06-02T01:10:43.975Z","v":0}
{"name":"hexo","hostname":"HSZC1003-0230","pid":5952,"level":20,"msg":"Processed: \u001b[35mlayout/_scripts/commons.swig\u001b[39m","time":"2017-06-02T01:10:43.976Z","v":0}
{"name":"hexo","hostname":"HSZC1003-0230","pid":5952,"level":20,"msg":"Processed: \u001b[35mlayout/_scripts/vendors.swig\u001b[39m","time":"2017-06-02T01:10:43.977Z","v":0}
{"name":"hexo","hostname":"HSZC1003-0230","pid":5952,"level":20,"msg":"Processed: \u001b[35mlayout/_third-party/duoshuo-hot-articles.swig\u001b[39m","time":"2017-06-02T01:10:43.978Z","v":0}
{"name":"hexo","hostname":"HSZC1003-0230","pid":5952,"level":20,"msg":"Processed: \u001b[35mlayout/_third-party/exturl.swig\u001b[39m","time":"2017-06-02T01:10:43.979Z","v":0}
{"name":"hexo","hostname":"HSZC1003-0230","pid":5952,"level":20,"msg":"Processed: \u001b[35mlayout/_third-party/mathjax.swig\u001b[39m","time":"2017-06-02T01:10:43.980Z","v":0}
{"name":"hexo","hostname":"HSZC1003-0230","pid":5952,"level":20,"msg":"Processed: \u001b[35mlayout/_third-party/rating.swig\u001b[39m","time":"2017-06-02T01:10:43.982Z","v":0}
{"name":"hexo","hostname":"HSZC1003-0230","pid":5952,"level":20,"msg":"Processed: \u001b[35mlayout/_third-party/schedule.swig\u001b[39m","time":"2017-06-02T01:10:43.983Z","v":0}
{"name":"hexo","hostname":"HSZC1003-0230","pid":5952,"level":20,"msg":"Processed: \u001b[35mlayout/_third-party/scroll-cookie.swig\u001b[39m","time":"2017-06-02T01:10:43.985Z","v":0}
{"name":"hexo","hostname":"HSZC1003-0230","pid":5952,"level":20,"msg":"Processed: \u001b[35msource/lib/jquery/index.js\u001b[39m","time":"2017-06-02T01:10:43.989Z","v":0}
{"name":"hexo","hostname":"HSZC1003-0230","pid":5952,"level":20,"msg":"Processed: \u001b[35mlayout/_scripts/schemes/mist.swig\u001b[39m","time":"2017-06-02T01:10:44.004Z","v":0}
{"name":"hexo","hostname":"HSZC1003-0230","pid":5952,"level":20,"msg":"Processed: \u001b[35mlayout/_scripts/schemes/muse.swig\u001b[39m","time":"2017-06-02T01:10:44.005Z","v":0}
{"name":"hexo","hostname":"HSZC1003-0230","pid":5952,"level":20,"msg":"Processed: \u001b[35msource/js/src/schemes/pisces.js\u001b[39m","time":"2017-06-02T01:10:44.018Z","v":0}
{"name":"hexo","hostname":"HSZC1003-0230","pid":5952,"level":20,"msg":"Processed: \u001b[35msource/lib/Han/dist/han.min.css\u001b[39m","time":"2017-06-02T01:10:44.019Z","v":0}
{"name":"hexo","hostname":"HSZC1003-0230","pid":5952,"level":20,"msg":"Processed: \u001b[35msource/lib/Han/dist/han.min.js\u001b[39m","time":"2017-06-02T01:10:44.020Z","v":0}
{"name":"hexo","hostname":"HSZC1003-0230","pid":5952,"level":20,"msg":"Processed: \u001b[35msource/lib/fancybox/source/fancybox_loading.gif\u001b[39m","time":"2017-06-02T01:10:44.022Z","v":0}
{"name":"hexo","hostname":"HSZC1003-0230","pid":5952,"level":20,"msg":"Processed: \u001b[35msource/lib/fancybox/source/fancybox_overlay.png\u001b[39m","time":"2017-06-02T01:10:44.024Z","v":0}
{"name":"hexo","hostname":"HSZC1003-0230","pid":5952,"level":20,"msg":"Processed: \u001b[35msource/lib/fancybox/source/fancybox_loading@2x.gif\u001b[39m","time":"2017-06-02T01:10:44.025Z","v":0}
{"name":"hexo","hostname":"HSZC1003-0230","pid":5952,"level":20,"msg":"Processed: \u001b[35msource/lib/fancybox/source/fancybox_sprite.png\u001b[39m","time":"2017-06-02T01:10:44.026Z","v":0}
{"name":"hexo","hostname":"HSZC1003-0230","pid":5952,"level":20,"msg":"Processed: \u001b[35msource/lib/fancybox/source/blank.gif\u001b[39m","time":"2017-06-02T01:10:44.028Z","v":0}
{"name":"hexo","hostname":"HSZC1003-0230","pid":5952,"level":20,"msg":"Processed: \u001b[35msource/lib/fancybox/source/fancybox_sprite@2x.png\u001b[39m","time":"2017-06-02T01:10:44.029Z","v":0}
{"name":"hexo","hostname":"HSZC1003-0230","pid":5952,"level":20,"msg":"Processed: \u001b[35msource/lib/fancybox/source/jquery.fancybox.css\u001b[39m","time":"2017-06-02T01:10:44.031Z","v":0}
{"name":"hexo","hostname":"HSZC1003-0230","pid":5952,"level":20,"msg":"Processed: \u001b[35msource/lib/fancybox/source/jquery.fancybox.js\u001b[39m","time":"2017-06-02T01:10:44.033Z","v":0}
{"name":"hexo","hostname":"HSZC1003-0230","pid":5952,"level":20,"msg":"Processed: \u001b[35msource/lib/fancybox/source/jquery.fancybox.pack.js\u001b[39m","time":"2017-06-02T01:10:44.034Z","v":0}
{"name":"hexo","hostname":"HSZC1003-0230","pid":5952,"level":20,"msg":"Processed: \u001b[35msource/lib/fastclick/lib/fastclick.js\u001b[39m","time":"2017-06-02T01:10:44.036Z","v":0}
{"name":"hexo","hostname":"HSZC1003-0230","pid":5952,"level":20,"msg":"Processed: \u001b[35msource/lib/fastclick/lib/fastclick.min.js\u001b[39m","time":"2017-06-02T01:10:44.037Z","v":0}
{"name":"hexo","hostname":"HSZC1003-0230","pid":5952,"level":20,"msg":"Processed: \u001b[35msource/lib/font-awesome/css/font-awesome.css\u001b[39m","time":"2017-06-02T01:10:44.038Z","v":0}
{"name":"hexo","hostname":"HSZC1003-0230","pid":5952,"level":20,"msg":"Processed: \u001b[35msource/lib/font-awesome/css/font-awesome.css.map\u001b[39m","time":"2017-06-02T01:10:44.039Z","v":0}
{"name":"hexo","hostname":"HSZC1003-0230","pid":5952,"level":20,"msg":"Processed: \u001b[35msource/lib/font-awesome/css/font-awesome.min.css\u001b[39m","time":"2017-06-02T01:10:44.041Z","v":0}
{"name":"hexo","hostname":"HSZC1003-0230","pid":5952,"level":20,"msg":"Processed: \u001b[35msource/lib/ua-parser-js/dist/ua-parser.min.js\u001b[39m","time":"2017-06-02T01:10:44.042Z","v":0}
{"name":"hexo","hostname":"HSZC1003-0230","pid":5952,"level":20,"msg":"Processed: \u001b[35msource/lib/ua-parser-js/dist/ua-parser.pack.js\u001b[39m","time":"2017-06-02T01:10:44.043Z","v":0}
{"name":"hexo","hostname":"HSZC1003-0230","pid":5952,"level":20,"msg":"Processed: \u001b[35mlayout/_partials/head/custom-head.swig\u001b[39m","time":"2017-06-02T01:10:44.116Z","v":0}
{"name":"hexo","hostname":"HSZC1003-0230","pid":5952,"level":20,"msg":"Processed: \u001b[35mlayout/_partials/head/external-fonts.swig\u001b[39m","time":"2017-06-02T01:10:44.117Z","v":0}
{"name":"hexo","hostname":"HSZC1003-0230","pid":5952,"level":20,"msg":"Processed: \u001b[35mlayout/_partials/search/localsearch.swig\u001b[39m","time":"2017-06-02T01:10:44.118Z","v":0}
{"name":"hexo","hostname":"HSZC1003-0230","pid":5952,"level":20,"msg":"Processed: \u001b[35mlayout/_partials/search/swiftype.swig\u001b[39m","time":"2017-06-02T01:10:44.119Z","v":0}
{"name":"hexo","hostname":"HSZC1003-0230","pid":5952,"level":20,"msg":"Processed: \u001b[35mlayout/_partials/search/tinysou.swig\u001b[39m","time":"2017-06-02T01:10:44.120Z","v":0}
{"name":"hexo","hostname":"HSZC1003-0230","pid":5952,"level":20,"msg":"Processed: \u001b[35mlayout/_partials/share/add-this.swig\u001b[39m","time":"2017-06-02T01:10:44.121Z","v":0}
{"name":"hexo","hostname":"HSZC1003-0230","pid":5952,"level":20,"msg":"Processed: \u001b[35mlayout/_partials/share/baidushare.swig\u001b[39m","time":"2017-06-02T01:10:44.122Z","v":0}
{"name":"hexo","hostname":"HSZC1003-0230","pid":5952,"level":20,"msg":"Processed: \u001b[35mlayout/_partials/share/duoshuo_share.swig\u001b[39m","time":"2017-06-02T01:10:44.123Z","v":0}
{"name":"hexo","hostname":"HSZC1003-0230","pid":5952,"level":20,"msg":"Processed: \u001b[35mlayout/_partials/share/jiathis.swig\u001b[39m","time":"2017-06-02T01:10:44.124Z","v":0}
{"name":"hexo","hostname":"HSZC1003-0230","pid":5952,"level":20,"msg":"Processed: \u001b[35mlayout/_scripts/pages/post-details.swig\u001b[39m","time":"2017-06-02T01:10:44.125Z","v":0}
{"name":"hexo","hostname":"HSZC1003-0230","pid":5952,"level":20,"msg":"Processed: \u001b[35mlayout/_scripts/schemes/pisces.swig\u001b[39m","time":"2017-06-02T01:10:44.126Z","v":0}
{"name":"hexo","hostname":"HSZC1003-0230","pid":5952,"level":20,"msg":"Processed: \u001b[35mlayout/_third-party/analytics/application-insights.swig\u001b[39m","time":"2017-06-02T01:10:44.127Z","v":0}
{"name":"hexo","hostname":"HSZC1003-0230","pid":5952,"level":20,"msg":"Processed: \u001b[35mlayout/_third-party/analytics/baidu-analytics.swig\u001b[39m","time":"2017-06-02T01:10:44.128Z","v":0}
{"name":"hexo","hostname":"HSZC1003-0230","pid":5952,"level":20,"msg":"Processed: \u001b[35mlayout/_third-party/analytics/busuanzi-counter.swig\u001b[39m","time":"2017-06-02T01:10:44.129Z","v":0}
{"name":"hexo","hostname":"HSZC1003-0230","pid":5952,"level":20,"msg":"Processed: \u001b[35mlayout/_third-party/analytics/cnzz-analytics.swig\u001b[39m","time":"2017-06-02T01:10:44.131Z","v":0}
{"name":"hexo","hostname":"HSZC1003-0230","pid":5952,"level":20,"msg":"Processed: \u001b[35mlayout/_third-party/analytics/facebook-sdk.swig\u001b[39m","time":"2017-06-02T01:10:44.132Z","v":0}
{"name":"hexo","hostname":"HSZC1003-0230","pid":5952,"level":20,"msg":"Processed: \u001b[35mlayout/_third-party/analytics/google-analytics.swig\u001b[39m","time":"2017-06-02T01:10:44.133Z","v":0}
{"name":"hexo","hostname":"HSZC1003-0230","pid":5952,"level":20,"msg":"Processed: \u001b[35mlayout/_third-party/analytics/index.swig\u001b[39m","time":"2017-06-02T01:10:44.135Z","v":0}
{"name":"hexo","hostname":"HSZC1003-0230","pid":5952,"level":20,"msg":"Processed: \u001b[35mlayout/_third-party/analytics/tencent-analytics.swig\u001b[39m","time":"2017-06-02T01:10:44.136Z","v":0}
{"name":"hexo","hostname":"HSZC1003-0230","pid":5952,"level":20,"msg":"Processed: \u001b[35mlayout/_third-party/analytics/tencent-mta.swig\u001b[39m","time":"2017-06-02T01:10:44.137Z","v":0}
{"name":"hexo","hostname":"HSZC1003-0230","pid":5952,"level":20,"msg":"Processed: \u001b[35mlayout/_third-party/analytics/vkontakte-api.swig\u001b[39m","time":"2017-06-02T01:10:44.138Z","v":0}
{"name":"hexo","hostname":"HSZC1003-0230","pid":5952,"level":20,"msg":"Processed: \u001b[35mlayout/_third-party/analytics/lean-analytics.swig\u001b[39m","time":"2017-06-02T01:10:44.139Z","v":0}
{"name":"hexo","hostname":"HSZC1003-0230","pid":5952,"level":20,"msg":"Processed: \u001b[35mlayout/_third-party/comments/changyan.swig\u001b[39m","time":"2017-06-02T01:10:44.140Z","v":0}
{"name":"hexo","hostname":"HSZC1003-0230","pid":5952,"level":20,"msg":"Processed: \u001b[35mlayout/_third-party/comments/disqus.swig\u001b[39m","time":"2017-06-02T01:10:44.141Z","v":0}
{"name":"hexo","hostname":"HSZC1003-0230","pid":5952,"level":20,"msg":"Processed: \u001b[35mlayout/_third-party/comments/duoshuo.swig\u001b[39m","time":"2017-06-02T01:10:44.142Z","v":0}
{"name":"hexo","hostname":"HSZC1003-0230","pid":5952,"level":20,"msg":"Processed: \u001b[35mlayout/_third-party/comments/hypercomments.swig\u001b[39m","time":"2017-06-02T01:10:44.143Z","v":0}
{"name":"hexo","hostname":"HSZC1003-0230","pid":5952,"level":20,"msg":"Processed: \u001b[35mlayout/_third-party/comments/gentie.swig\u001b[39m","time":"2017-06-02T01:10:44.144Z","v":0}
{"name":"hexo","hostname":"HSZC1003-0230","pid":5952,"level":20,"msg":"Processed: \u001b[35mlayout/_third-party/comments/index.swig\u001b[39m","time":"2017-06-02T01:10:44.145Z","v":0}
{"name":"hexo","hostname":"HSZC1003-0230","pid":5952,"level":20,"msg":"Processed: \u001b[35mlayout/_third-party/comments/livere.swig\u001b[39m","time":"2017-06-02T01:10:44.146Z","v":0}
{"name":"hexo","hostname":"HSZC1003-0230","pid":5952,"level":20,"msg":"Processed: \u001b[35mlayout/_third-party/comments/youyan.swig\u001b[39m","time":"2017-06-02T01:10:44.147Z","v":0}
{"name":"hexo","hostname":"HSZC1003-0230","pid":5952,"level":20,"msg":"Processed: \u001b[35mlayout/_third-party/search/localsearch.swig\u001b[39m","time":"2017-06-02T01:10:44.149Z","v":0}
{"name":"hexo","hostname":"HSZC1003-0230","pid":5952,"level":20,"msg":"Processed: \u001b[35mlayout/_third-party/search/index.swig\u001b[39m","time":"2017-06-02T01:10:44.150Z","v":0}
{"name":"hexo","hostname":"HSZC1003-0230","pid":5952,"level":20,"msg":"Processed: \u001b[35mlayout/_third-party/search/tinysou.swig\u001b[39m","time":"2017-06-02T01:10:44.151Z","v":0}
{"name":"hexo","hostname":"HSZC1003-0230","pid":5952,"level":20,"msg":"Processed: \u001b[35mlayout/_third-party/seo/baidu-push.swig\u001b[39m","time":"2017-06-02T01:10:44.152Z","v":0}
{"name":"hexo","hostname":"HSZC1003-0230","pid":5952,"level":20,"msg":"Processed: \u001b[35msource/lib/Han/dist/han.css\u001b[39m","time":"2017-06-02T01:10:44.154Z","v":0}
{"name":"hexo","hostname":"HSZC1003-0230","pid":5952,"level":20,"msg":"Processed: \u001b[35msource/lib/Han/dist/han.js\u001b[39m","time":"2017-06-02T01:10:44.155Z","v":0}
{"name":"hexo","hostname":"HSZC1003-0230","pid":5952,"level":20,"msg":"Processed: \u001b[35msource/lib/font-awesome/fonts/fontawesome-webfont.woff\u001b[39m","time":"2017-06-02T01:10:44.157Z","v":0}
{"name":"hexo","hostname":"HSZC1003-0230","pid":5952,"level":20,"msg":"Processed: \u001b[35msource/lib/font-awesome/fonts/fontawesome-webfont.woff2\u001b[39m","time":"2017-06-02T01:10:44.158Z","v":0}
{"name":"hexo","hostname":"HSZC1003-0230","pid":5952,"level":20,"msg":"Processed: \u001b[35msource/lib/velocity/velocity.js\u001b[39m","time":"2017-06-02T01:10:44.160Z","v":0}
{"name":"hexo","hostname":"HSZC1003-0230","pid":5952,"level":20,"msg":"Processed: \u001b[35msource/lib/Han/dist/font/han-space.otf\u001b[39m","time":"2017-06-02T01:10:44.181Z","v":0}
{"name":"hexo","hostname":"HSZC1003-0230","pid":5952,"level":20,"msg":"Processed: \u001b[35msource/lib/Han/dist/font/han-space.woff\u001b[39m","time":"2017-06-02T01:10:44.183Z","v":0}
{"name":"hexo","hostname":"HSZC1003-0230","pid":5952,"level":20,"msg":"Processed: \u001b[35msource/lib/Han/dist/font/han.otf\u001b[39m","time":"2017-06-02T01:10:44.184Z","v":0}
{"name":"hexo","hostname":"HSZC1003-0230","pid":5952,"level":20,"msg":"Processed: \u001b[35msource/lib/Han/dist/font/han.woff\u001b[39m","time":"2017-06-02T01:10:44.186Z","v":0}
{"name":"hexo","hostname":"HSZC1003-0230","pid":5952,"level":20,"msg":"Processed: \u001b[35msource/lib/fancybox/source/helpers/fancybox_buttons.png\u001b[39m","time":"2017-06-02T01:10:44.187Z","v":0}
{"name":"hexo","hostname":"HSZC1003-0230","pid":5952,"level":20,"msg":"Processed: \u001b[35msource/lib/fancybox/source/helpers/jquery.fancybox-buttons.css\u001b[39m","time":"2017-06-02T01:10:44.189Z","v":0}
{"name":"hexo","hostname":"HSZC1003-0230","pid":5952,"level":20,"msg":"Processed: \u001b[35msource/lib/fancybox/source/helpers/jquery.fancybox-buttons.js\u001b[39m","time":"2017-06-02T01:10:44.191Z","v":0}
{"name":"hexo","hostname":"HSZC1003-0230","pid":5952,"level":20,"msg":"Processed: \u001b[35msource/lib/fancybox/source/helpers/jquery.fancybox-media.js\u001b[39m","time":"2017-06-02T01:10:44.193Z","v":0}
{"name":"hexo","hostname":"HSZC1003-0230","pid":5952,"level":20,"msg":"Processed: \u001b[35msource/lib/fancybox/source/helpers/jquery.fancybox-thumbs.css\u001b[39m","time":"2017-06-02T01:10:44.194Z","v":0}
{"name":"hexo","hostname":"HSZC1003-0230","pid":5952,"level":20,"msg":"Processed: \u001b[35msource/lib/fancybox/source/helpers/jquery.fancybox-thumbs.js\u001b[39m","time":"2017-06-02T01:10:44.196Z","v":0}
{"name":"hexo","hostname":"HSZC1003-0230","pid":5952,"level":20,"msg":"Processed: \u001b[35msource/lib/font-awesome/fonts/FontAwesome.otf\u001b[39m","time":"2017-06-02T01:10:44.199Z","v":0}
{"name":"hexo","hostname":"HSZC1003-0230","pid":5952,"level":20,"msg":"Processed: \u001b[35msource/lib/font-awesome/fonts/fontawesome-webfont.eot\u001b[39m","time":"2017-06-02T01:10:44.200Z","v":0}
{"name":"hexo","hostname":"HSZC1003-0230","pid":5952,"level":20,"msg":"Processed: \u001b[35msource/lib/font-awesome/fonts/fontawesome-webfont.ttf\u001b[39m","time":"2017-06-02T01:10:44.201Z","v":0}
{"name":"hexo","hostname":"HSZC1003-0230","pid":5952,"level":20,"msg":"Processed: \u001b[35mlayout/_third-party/search/algolia-search/dom.swig\u001b[39m","time":"2017-06-02T01:10:44.208Z","v":0}
{"name":"hexo","hostname":"HSZC1003-0230","pid":5952,"level":20,"msg":"Processed: \u001b[35mlayout/_third-party/search/algolia-search/assets.swig\u001b[39m","time":"2017-06-02T01:10:44.210Z","v":0}
{"name":"hexo","hostname":"HSZC1003-0230","pid":5952,"level":20,"msg":"Processed: \u001b[35msource/lib/algolia-instant-search/instantsearch.min.js\u001b[39m","time":"2017-06-02T01:10:44.216Z","v":0}
{"name":"hexo","hostname":"HSZC1003-0230","pid":5952,"level":20,"msg":"Processed: \u001b[35msource/lib/three/three.min.js\u001b[39m","time":"2017-06-02T01:10:44.219Z","v":0}
{"name":"hexo","hostname":"HSZC1003-0230","pid":5952,"level":20,"msg":"Processed: \u001b[35msource/lib/font-awesome/fonts/fontawesome-webfont.svg\u001b[39m","time":"2017-06-02T01:10:44.221Z","v":0}
{"name":"hexo","hostname":"HSZC1003-0230","pid":5952,"level":20,"msg":"Generator: \u001b[35mpage\u001b[39m","time":"2017-06-02T01:10:44.829Z","v":0}
{"name":"hexo","hostname":"HSZC1003-0230","pid":5952,"level":20,"msg":"Generator: \u001b[35mpost\u001b[39m","time":"2017-06-02T01:10:47.941Z","v":0}
{"name":"hexo","hostname":"HSZC1003-0230","pid":5952,"level":20,"msg":"Generator: \u001b[35marchive\u001b[39m","time":"2017-06-02T01:10:47.944Z","v":0}
{"name":"hexo","hostname":"HSZC1003-0230","pid":5952,"level":20,"msg":"Generator: \u001b[35mcategory\u001b[39m","time":"2017-06-02T01:10:47.946Z","v":0}
{"name":"hexo","hostname":"HSZC1003-0230","pid":5952,"level":20,"msg":"Generator: \u001b[35mindex\u001b[39m","time":"2017-06-02T01:10:47.948Z","v":0}
{"name":"hexo","hostname":"HSZC1003-0230","pid":5952,"level":20,"msg":"Generator: \u001b[35mtag\u001b[39m","time":"2017-06-02T01:10:47.951Z","v":0}
{"name":"hexo","hostname":"HSZC1003-0230","pid":5952,"level":20,"msg":"Generator: \u001b[35masset\u001b[39m","time":"2017-06-02T01:10:48.000Z","v":0}
{"name":"hexo","hostname":"HSZC1003-0230","pid":5952,"level":30,"msg":"Hexo is running at \u001b[4mhttp://localhost:4000/blog/public/\u001b[24m. Press Ctrl+C to stop.","time":"2017-06-02T01:10:48.034Z","v":0}
{"name":"hexo","hostname":"HSZC1003-0230","pid":5952,"level":20,"msg":"Database saved","time":"2017-06-02T01:10:48.078Z","v":0}
{"name":"hexo","hostname":"HSZC1003-0230","pid":5952,"level":20,"msg":"Rendering index: \u001b[35mindex.html\u001b[39m","time":"2017-06-02T01:10:57.408Z","v":0}
{"name":"hexo","hostname":"HSZC1003-0230","pid":5952,"level":30,"msg":"Bye!","time":"2017-06-02T01:11:08.553Z","v":0}
{"name":"hexo","hostname":"HSZC1003-0230","pid":5952,"level":20,"msg":"Database saved","time":"2017-06-02T01:11:08.621Z","v":0}
{"name":"hexo","hostname":"HSZC1003-0230","pid":7452,"level":20,"msg":"Hexo version: \u001b[35m3.2.2\u001b[39m","time":"2017-06-02T01:16:11.917Z","v":0}
{"name":"hexo","hostname":"HSZC1003-0230","pid":7452,"level":20,"msg":"Working directory: \u001b[35mG:\\github_repository\\isaacbao.github.io\\blog\\\u001b[39m","time":"2017-06-02T01:16:11.923Z","v":0}
{"name":"hexo","hostname":"HSZC1003-0230","pid":7452,"level":20,"msg":"Config loaded: \u001b[35mG:\\github_repository\\isaacbao.github.io\\blog\\_config.yml\u001b[39m","time":"2017-06-02T01:16:12.209Z","v":0}
{"name":"hexo","hostname":"HSZC1003-0230","pid":7452,"level":20,"msg":"Plugin loaded: \u001b[35mhexo-deployer-git\u001b[39m","time":"2017-06-02T01:16:12.243Z","v":0}
{"name":"hexo","hostname":"HSZC1003-0230","pid":7452,"level":20,"msg":"Plugin loaded: \u001b[35mhexo-generator-category\u001b[39m","time":"2017-06-02T01:16:12.250Z","v":0}
{"name":"hexo","hostname":"HSZC1003-0230","pid":7452,"level":20,"msg":"Plugin loaded: \u001b[35mhexo-generator-tag\u001b[39m","time":"2017-06-02T01:16:12.257Z","v":0}
{"name":"hexo","hostname":"HSZC1003-0230","pid":7452,"level":20,"msg":"Plugin loaded: \u001b[35mhexo-generator-index\u001b[39m","time":"2017-06-02T01:16:12.261Z","v":0}
{"name":"hexo","hostname":"HSZC1003-0230","pid":7452,"level":20,"msg":"Plugin loaded: \u001b[35mhexo-renderer-ejs\u001b[39m","time":"2017-06-02T01:16:12.270Z","v":0}
{"name":"hexo","hostname":"HSZC1003-0230","pid":7452,"level":20,"msg":"Plugin loaded: \u001b[35mhexo-renderer-marked\u001b[39m","time":"2017-06-02T01:16:12.284Z","v":0}
{"name":"hexo","hostname":"HSZC1003-0230","pid":7452,"level":20,"msg":"Plugin loaded: \u001b[35mhexo-renderer-stylus\u001b[39m","time":"2017-06-02T01:16:12.288Z","v":0}
{"name":"hexo","hostname":"HSZC1003-0230","pid":7452,"level":20,"msg":"Plugin loaded: \u001b[35mhexo-server\u001b[39m","time":"2017-06-02T01:16:12.452Z","v":0}
{"name":"hexo","hostname":"HSZC1003-0230","pid":7452,"level":20,"msg":"Script loaded: \u001b[35mthemes\\next\\scripts\\merge-configs.js\u001b[39m","time":"2017-06-02T01:16:12.460Z","v":0}
{"name":"hexo","hostname":"HSZC1003-0230","pid":7452,"level":20,"msg":"Plugin loaded: \u001b[35mhexo-generator-archive\u001b[39m","time":"2017-06-02T01:16:12.468Z","v":0}
{"name":"hexo","hostname":"HSZC1003-0230","pid":7452,"level":20,"msg":"Script loaded: \u001b[35mthemes\\next\\scripts\\merge.js\u001b[39m","time":"2017-06-02T01:16:12.476Z","v":0}
{"name":"hexo","hostname":"HSZC1003-0230","pid":7452,"level":20,"msg":"Script loaded: \u001b[35mthemes\\next\\scripts\\tags\\center-quote.js\u001b[39m","time":"2017-06-02T01:16:12.478Z","v":0}
{"name":"hexo","hostname":"HSZC1003-0230","pid":7452,"level":20,"msg":"Script loaded: \u001b[35mthemes\\next\\scripts\\tags\\button.js\u001b[39m","time":"2017-06-02T01:16:12.480Z","v":0}
{"name":"hexo","hostname":"HSZC1003-0230","pid":7452,"level":20,"msg":"Script loaded: \u001b[35mthemes\\next\\scripts\\tags\\exturl.js\u001b[39m","time":"2017-06-02T01:16:12.484Z","v":0}
{"name":"hexo","hostname":"HSZC1003-0230","pid":7452,"level":20,"msg":"Script loaded: \u001b[35mthemes\\next\\scripts\\tags\\full-image.js\u001b[39m","time":"2017-06-02T01:16:12.485Z","v":0}
{"name":"hexo","hostname":"HSZC1003-0230","pid":7452,"level":20,"msg":"Script loaded: \u001b[35mthemes\\next\\scripts\\tags\\group-pictures.js\u001b[39m","time":"2017-06-02T01:16:12.488Z","v":0}
{"name":"hexo","hostname":"HSZC1003-0230","pid":7452,"level":20,"msg":"Script loaded: \u001b[35mthemes\\next\\scripts\\tags\\lazy-image.js\u001b[39m","time":"2017-06-02T01:16:12.490Z","v":0}
{"name":"hexo","hostname":"HSZC1003-0230","pid":7452,"level":20,"msg":"Script loaded: \u001b[35mthemes\\next\\scripts\\tags\\note.js\u001b[39m","time":"2017-06-02T01:16:12.491Z","v":0}
{"name":"hexo","hostname":"HSZC1003-0230","pid":7452,"level":20,"msg":"Loading database.","time":"2017-06-02T01:16:12.508Z","v":0}
{"name":"hexo","hostname":"HSZC1003-0230","pid":7452,"level":30,"msg":"Start processing","time":"2017-06-02T01:16:12.690Z","v":0}
{"name":"hexo","hostname":"HSZC1003-0230","pid":7452,"level":20,"msg":"Processed: \u001b[35m_posts/WNDR-4300-OpenWrt.md\u001b[39m","time":"2017-06-02T01:16:12.929Z","v":0}
{"name":"hexo","hostname":"HSZC1003-0230","pid":7452,"level":20,"msg":"Processed: \u001b[35m_posts/build-shadowsocks-server.md\u001b[39m","time":"2017-06-02T01:16:12.930Z","v":0}
{"name":"hexo","hostname":"HSZC1003-0230","pid":7452,"level":20,"msg":"Processed: \u001b[35m_posts/intellij-import-maven-project.md\u001b[39m","time":"2017-06-02T01:16:12.932Z","v":0}
{"name":"hexo","hostname":"HSZC1003-0230","pid":7452,"level":20,"msg":"Processed: \u001b[35m_posts/java-web-crawling-startup.md\u001b[39m","time":"2017-06-02T01:16:12.933Z","v":0}
{"name":"hexo","hostname":"HSZC1003-0230","pid":7452,"level":20,"msg":"Processed: \u001b[35m_posts/jsTricks.md\u001b[39m","time":"2017-06-02T01:16:12.935Z","v":0}
{"name":"hexo","hostname":"HSZC1003-0230","pid":7452,"level":20,"msg":"Processed: \u001b[35m_posts/redis-cli-guide.md\u001b[39m","time":"2017-06-02T01:16:12.936Z","v":0}
{"name":"hexo","hostname":"HSZC1003-0230","pid":7452,"level":20,"msg":"Processed: \u001b[35m_posts/start-nodejs.md\u001b[39m","time":"2017-06-02T01:16:12.937Z","v":0}
{"name":"hexo","hostname":"HSZC1003-0230","pid":7452,"level":20,"msg":"Processed: \u001b[35m_posts/use-selenium-in-vps.md\u001b[39m","time":"2017-06-02T01:16:12.937Z","v":0}
{"name":"hexo","hostname":"HSZC1003-0230","pid":7452,"level":20,"msg":"Theme config loaded.","time":"2017-06-02T01:16:13.211Z","v":0}
{"name":"hexo","hostname":"HSZC1003-0230","pid":7452,"level":20,"msg":"Processed: \u001b[35m_config.yml\u001b[39m","time":"2017-06-02T01:16:13.229Z","v":0}
{"name":"hexo","hostname":"HSZC1003-0230","pid":7452,"level":20,"msg":"Processed: \u001b[35m_posts/WNDR-4300-OpenWrt/openNcpa.png\u001b[39m","time":"2017-06-02T01:16:13.231Z","v":0}
{"name":"hexo","hostname":"HSZC1003-0230","pid":7452,"level":20,"msg":"Processed: \u001b[35m_posts/WNDR-4300-OpenWrt/property.png\u001b[39m","time":"2017-06-02T01:16:13.233Z","v":0}
{"name":"hexo","hostname":"HSZC1003-0230","pid":7452,"level":20,"msg":"Processed: \u001b[35m_posts/WNDR-4300-OpenWrt/selectEtherNet.png\u001b[39m","time":"2017-06-02T01:16:13.236Z","v":0}
{"name":"hexo","hostname":"HSZC1003-0230","pid":7452,"level":20,"msg":"Processed: \u001b[35m_posts/WNDR-4300-OpenWrt/selectIPV4.png\u001b[39m","time":"2017-06-02T01:16:13.239Z","v":0}
{"name":"hexo","hostname":"HSZC1003-0230","pid":7452,"level":20,"msg":"Processed: \u001b[35m_posts/WNDR-4300-OpenWrt/setIPV4.png\u001b[39m","time":"2017-06-02T01:16:13.242Z","v":0}
{"name":"hexo","hostname":"HSZC1003-0230","pid":7452,"level":20,"msg":"Processed: \u001b[35m_posts/build-shadowsocks-server/charge.png\u001b[39m","time":"2017-06-02T01:16:13.245Z","v":0}
{"name":"hexo","hostname":"HSZC1003-0230","pid":7452,"level":20,"msg":"Processed: \u001b[35m_posts/build-shadowsocks-server/editServer.png\u001b[39m","time":"2017-06-02T01:16:13.247Z","v":0}
{"name":"hexo","hostname":"HSZC1003-0230","pid":7452,"level":20,"msg":"Processed: \u001b[35m_posts/build-shadowsocks-server/editServer2.png\u001b[39m","time":"2017-06-02T01:16:13.251Z","v":0}
{"name":"hexo","hostname":"HSZC1003-0230","pid":7452,"level":20,"msg":"Processed: \u001b[35m_posts/build-shadowsocks-server/selectLocation2.png\u001b[39m","time":"2017-06-02T01:16:13.256Z","v":0}
{"name":"hexo","hostname":"HSZC1003-0230","pid":7452,"level":20,"msg":"Processed: \u001b[35m_posts/build-shadowsocks-server/selectServer.png\u001b[39m","time":"2017-06-02T01:16:13.259Z","v":0}
{"name":"hexo","hostname":"HSZC1003-0230","pid":7452,"level":20,"msg":"Processed: \u001b[35m_posts/build-shadowsocks-server/selectServer4.png\u001b[39m","time":"2017-06-02T01:16:13.261Z","v":0}
{"name":"hexo","hostname":"HSZC1003-0230","pid":7452,"level":20,"msg":"Processed: \u001b[35m_posts/build-shadowsocks-server/usePutty.png\u001b[39m","time":"2017-06-02T01:16:13.264Z","v":0}
{"name":"hexo","hostname":"HSZC1003-0230","pid":7452,"level":20,"msg":"Processed: \u001b[35m_posts/build-shadowsocks-server/usePutty2.png\u001b[39m","time":"2017-06-02T01:16:13.268Z","v":0}
{"name":"hexo","hostname":"HSZC1003-0230","pid":7452,"level":20,"msg":"Processed: \u001b[35m_posts/build-shadowsocks-server/usePutty3.png\u001b[39m","time":"2017-06-02T01:16:13.270Z","v":0}
{"name":"hexo","hostname":"HSZC1003-0230","pid":7452,"level":20,"msg":"Processed: \u001b[35m_posts/intellij-import-maven-project/intellij_start.png\u001b[39m","time":"2017-06-02T01:16:13.276Z","v":0}
{"name":"hexo","hostname":"HSZC1003-0230","pid":7452,"level":20,"msg":"Processed: \u001b[35m_posts/intellij-import-maven-project/new_project_from.png\u001b[39m","time":"2017-06-02T01:16:13.281Z","v":0}
{"name":"hexo","hostname":"HSZC1003-0230","pid":7452,"level":20,"msg":"Processed: \u001b[35m_posts/intellij-import-maven-project/select_project.png\u001b[39m","time":"2017-06-02T01:16:13.286Z","v":0}
{"name":"hexo","hostname":"HSZC1003-0230","pid":7452,"level":20,"msg":"Processed: \u001b[35m_posts/intellij-import-maven-project/wait_dependence.png\u001b[39m","time":"2017-06-02T01:16:13.289Z","v":0}
{"name":"hexo","hostname":"HSZC1003-0230","pid":7452,"level":20,"msg":"Processed: \u001b[35m_posts/java-web-crawling-startup/edit_system_varaiable.png\u001b[39m","time":"2017-06-02T01:16:13.294Z","v":0}
{"name":"hexo","hostname":"HSZC1003-0230","pid":7452,"level":20,"msg":"Processed: \u001b[35m_posts/java-web-crawling-startup/edit_system_varaiable1.png\u001b[39m","time":"2017-06-02T01:16:13.299Z","v":0}
{"name":"hexo","hostname":"HSZC1003-0230","pid":7452,"level":20,"msg":"Processed: \u001b[35m_posts/java-web-crawling-startup/import-intellij2.png\u001b[39m","time":"2017-06-02T01:16:13.302Z","v":0}
{"name":"hexo","hostname":"HSZC1003-0230","pid":7452,"level":20,"msg":"Processed: \u001b[35m_posts/java-web-crawling-startup/intellij-welcome.png\u001b[39m","time":"2017-06-02T01:16:13.305Z","v":0}
{"name":"hexo","hostname":"HSZC1003-0230","pid":7452,"level":20,"msg":"Processed: \u001b[35m_posts/java-web-crawling-startup/no_param.png\u001b[39m","time":"2017-06-02T01:16:13.308Z","v":0}
{"name":"hexo","hostname":"HSZC1003-0230","pid":7452,"level":20,"msg":"Processed: \u001b[35m_posts/java-web-crawling-startup/open_system_varaible.png\u001b[39m","time":"2017-06-02T01:16:13.311Z","v":0}
{"name":"hexo","hostname":"HSZC1003-0230","pid":7452,"level":20,"msg":"Processed: \u001b[35m_posts/java-web-crawling-startup/regexr.png\u001b[39m","time":"2017-06-02T01:16:13.316Z","v":0}
{"name":"hexo","hostname":"HSZC1003-0230","pid":7452,"level":20,"msg":"Processed: \u001b[35m_posts/java-web-crawling-startup/run_cmd.png\u001b[39m","time":"2017-06-02T01:16:13.321Z","v":0}
{"name":"hexo","hostname":"HSZC1003-0230","pid":7452,"level":20,"msg":"Processed: \u001b[35m_posts/java-web-crawling-startup/select-dom.png\u001b[39m","time":"2017-06-02T01:16:13.325Z","v":0}
{"name":"hexo","hostname":"HSZC1003-0230","pid":7452,"level":20,"msg":"Processed: \u001b[35m_posts/java-web-crawling-startup/select-dom3.png\u001b[39m","time":"2017-06-02T01:16:13.328Z","v":0}
{"name":"hexo","hostname":"HSZC1003-0230","pid":7452,"level":20,"msg":"Processed: \u001b[35m_posts/java-web-crawling-startup/system_properties.png\u001b[39m","time":"2017-06-02T01:16:13.331Z","v":0}
{"name":"hexo","hostname":"HSZC1003-0230","pid":7452,"level":20,"msg":"Processed: \u001b[35m_posts/java-web-crawling-startup/select-path.png\u001b[39m","time":"2017-06-02T01:16:13.334Z","v":0}
{"name":"hexo","hostname":"HSZC1003-0230","pid":7452,"level":20,"msg":"Processed: \u001b[35m_posts/java-web-crawling-startup/test_ant.png\u001b[39m","time":"2017-06-02T01:16:13.336Z","v":0}
{"name":"hexo","hostname":"HSZC1003-0230","pid":7452,"level":20,"msg":"Processed: \u001b[35m_posts/java-web-crawling-startup/urldeocde2.png\u001b[39m","time":"2017-06-02T01:16:13.339Z","v":0}
{"name":"hexo","hostname":"HSZC1003-0230","pid":7452,"level":20,"msg":"Processed: \u001b[35m_posts/java-web-crawling-startup/urldecode1.png\u001b[39m","time":"2017-06-02T01:16:13.342Z","v":0}
{"name":"hexo","hostname":"HSZC1003-0230","pid":7452,"level":20,"msg":"Processed: \u001b[35m_posts/java-web-crawling-startup/find-request.png\u001b[39m","time":"2017-06-02T01:16:13.345Z","v":0}
{"name":"hexo","hostname":"HSZC1003-0230","pid":7452,"level":20,"msg":"Processed: \u001b[35m_posts/java-web-crawling-startup/import-intellij1.png\u001b[39m","time":"2017-06-02T01:16:13.348Z","v":0}
{"name":"hexo","hostname":"HSZC1003-0230","pid":7452,"level":20,"msg":"Processed: \u001b[35m_posts/java-web-crawling-startup/view.png\u001b[39m","time":"2017-06-02T01:16:13.351Z","v":0}
{"name":"hexo","hostname":"HSZC1003-0230","pid":7452,"level":20,"msg":"Processed: \u001b[35m_posts/java-web-crawling-startup/urldeocde3.png\u001b[39m","time":"2017-06-02T01:16:13.353Z","v":0}
{"name":"hexo","hostname":"HSZC1003-0230","pid":7452,"level":20,"msg":"Processed: \u001b[35m_posts/build-shadowsocks-server/bind-credit-card.png\u001b[39m","time":"2017-06-02T01:16:13.419Z","v":0}
{"name":"hexo","hostname":"HSZC1003-0230","pid":7452,"level":20,"msg":"Processed: \u001b[35msource/css/main.styl\u001b[39m","time":"2017-06-02T01:16:13.421Z","v":0}
{"name":"hexo","hostname":"HSZC1003-0230","pid":7452,"level":20,"msg":"Processed: \u001b[35m_posts/build-shadowsocks-server/bind-credit-card2.png\u001b[39m","time":"2017-06-02T01:16:13.423Z","v":0}
{"name":"hexo","hostname":"HSZC1003-0230","pid":7452,"level":20,"msg":"Processed: \u001b[35msource/images/algolia_logo.svg\u001b[39m","time":"2017-06-02T01:16:13.425Z","v":0}
{"name":"hexo","hostname":"HSZC1003-0230","pid":7452,"level":20,"msg":"Processed: \u001b[35m_posts/build-shadowsocks-server/selectLocation.png\u001b[39m","time":"2017-06-02T01:16:13.428Z","v":0}
{"name":"hexo","hostname":"HSZC1003-0230","pid":7452,"level":20,"msg":"Processed: \u001b[35msource/images/avatar.gif\u001b[39m","time":"2017-06-02T01:16:13.430Z","v":0}
{"name":"hexo","hostname":"HSZC1003-0230","pid":7452,"level":20,"msg":"Processed: \u001b[35m_posts/build-shadowsocks-server/selectServer2.png\u001b[39m","time":"2017-06-02T01:16:13.433Z","v":0}
{"name":"hexo","hostname":"HSZC1003-0230","pid":7452,"level":20,"msg":"Processed: \u001b[35msource/images/cc-by-nc-nd.svg\u001b[39m","time":"2017-06-02T01:16:13.434Z","v":0}
{"name":"hexo","hostname":"HSZC1003-0230","pid":7452,"level":20,"msg":"Processed: \u001b[35m_posts/build-shadowsocks-server/selectServer3.png\u001b[39m","time":"2017-06-02T01:16:13.436Z","v":0}
{"name":"hexo","hostname":"HSZC1003-0230","pid":7452,"level":20,"msg":"Processed: \u001b[35msource/images/cc-by-nc-sa.svg\u001b[39m","time":"2017-06-02T01:16:13.437Z","v":0}
{"name":"hexo","hostname":"HSZC1003-0230","pid":7452,"level":20,"msg":"Processed: \u001b[35m_posts/build-shadowsocks-server/vultr2016-1.jpg\u001b[39m","time":"2017-06-02T01:16:13.440Z","v":0}
{"name":"hexo","hostname":"HSZC1003-0230","pid":7452,"level":20,"msg":"Processed: \u001b[35msource/images/cc-by-nc.svg\u001b[39m","time":"2017-06-02T01:16:13.441Z","v":0}
{"name":"hexo","hostname":"HSZC1003-0230","pid":7452,"level":20,"msg":"Processed: \u001b[35m_posts/intellij-import-maven-project/select_jdk.png\u001b[39m","time":"2017-06-02T01:16:13.445Z","v":0}
{"name":"hexo","hostname":"HSZC1003-0230","pid":7452,"level":20,"msg":"Processed: \u001b[35msource/images/cc-by-nd.svg\u001b[39m","time":"2017-06-02T01:16:13.447Z","v":0}
{"name":"hexo","hostname":"HSZC1003-0230","pid":7452,"level":20,"msg":"Processed: \u001b[35m_posts/java-web-crawling-startup/select-dom2.png\u001b[39m","time":"2017-06-02T01:16:13.449Z","v":0}
{"name":"hexo","hostname":"HSZC1003-0230","pid":7452,"level":20,"msg":"Processed: \u001b[35msource/images/cc-by-sa.svg\u001b[39m","time":"2017-06-02T01:16:13.450Z","v":0}
{"name":"hexo","hostname":"HSZC1003-0230","pid":7452,"level":20,"msg":"Processed: \u001b[35m_posts/java-web-crawling-startup/view-source.png\u001b[39m","time":"2017-06-02T01:16:13.451Z","v":0}
{"name":"hexo","hostname":"HSZC1003-0230","pid":7452,"level":20,"msg":"Processed: \u001b[35msource/images/cc-by.svg\u001b[39m","time":"2017-06-02T01:16:13.452Z","v":0}
{"name":"hexo","hostname":"HSZC1003-0230","pid":7452,"level":20,"msg":"Processed: \u001b[35msource/images/cc-zero.svg\u001b[39m","time":"2017-06-02T01:16:13.454Z","v":0}
{"name":"hexo","hostname":"HSZC1003-0230","pid":7452,"level":20,"msg":"Processed: \u001b[35msource/images/loading.gif\u001b[39m","time":"2017-06-02T01:16:13.455Z","v":0}
{"name":"hexo","hostname":"HSZC1003-0230","pid":7452,"level":20,"msg":"Processed: \u001b[35msource/images/placeholder.gif\u001b[39m","time":"2017-06-02T01:16:13.457Z","v":0}
{"name":"hexo","hostname":"HSZC1003-0230","pid":7452,"level":20,"msg":"Processed: \u001b[35msource/images/quote-l.svg\u001b[39m","time":"2017-06-02T01:16:13.458Z","v":0}
{"name":"hexo","hostname":"HSZC1003-0230","pid":7452,"level":20,"msg":"Processed: \u001b[35msource/images/quote-r.svg\u001b[39m","time":"2017-06-02T01:16:13.459Z","v":0}
{"name":"hexo","hostname":"HSZC1003-0230","pid":7452,"level":20,"msg":"Processed: \u001b[35msource/images/searchicon.png\u001b[39m","time":"2017-06-02T01:16:13.460Z","v":0}
{"name":"hexo","hostname":"HSZC1003-0230","pid":7452,"level":20,"msg":"Processed: \u001b[35mlayout/_layout.swig\u001b[39m","time":"2017-06-02T01:16:13.954Z","v":0}
{"name":"hexo","hostname":"HSZC1003-0230","pid":7452,"level":20,"msg":"Processed: \u001b[35mlayout/archive.swig\u001b[39m","time":"2017-06-02T01:16:13.955Z","v":0}
{"name":"hexo","hostname":"HSZC1003-0230","pid":7452,"level":20,"msg":"Processed: \u001b[35mlayout/category.swig\u001b[39m","time":"2017-06-02T01:16:13.956Z","v":0}
{"name":"hexo","hostname":"HSZC1003-0230","pid":7452,"level":20,"msg":"Processed: \u001b[35mlayout/index.swig\u001b[39m","time":"2017-06-02T01:16:13.957Z","v":0}
{"name":"hexo","hostname":"HSZC1003-0230","pid":7452,"level":20,"msg":"Processed: \u001b[35mlayout/page.swig\u001b[39m","time":"2017-06-02T01:16:13.958Z","v":0}
{"name":"hexo","hostname":"HSZC1003-0230","pid":7452,"level":20,"msg":"Processed: \u001b[35mlayout/post.swig\u001b[39m","time":"2017-06-02T01:16:13.959Z","v":0}
{"name":"hexo","hostname":"HSZC1003-0230","pid":7452,"level":20,"msg":"Processed: \u001b[35mlayout/schedule.swig\u001b[39m","time":"2017-06-02T01:16:13.961Z","v":0}
{"name":"hexo","hostname":"HSZC1003-0230","pid":7452,"level":20,"msg":"Processed: \u001b[35mlayout/tag.swig\u001b[39m","time":"2017-06-02T01:16:13.964Z","v":0}
{"name":"hexo","hostname":"HSZC1003-0230","pid":7452,"level":20,"msg":"Processed: \u001b[35mlanguages/de.yml\u001b[39m","time":"2017-06-02T01:16:13.973Z","v":0}
{"name":"hexo","hostname":"HSZC1003-0230","pid":7452,"level":20,"msg":"Processed: \u001b[35mlanguages/default.yml\u001b[39m","time":"2017-06-02T01:16:13.975Z","v":0}
{"name":"hexo","hostname":"HSZC1003-0230","pid":7452,"level":20,"msg":"Processed: \u001b[35mlanguages/en.yml\u001b[39m","time":"2017-06-02T01:16:13.976Z","v":0}
{"name":"hexo","hostname":"HSZC1003-0230","pid":7452,"level":20,"msg":"Processed: \u001b[35mlanguages/fr-FR.yml\u001b[39m","time":"2017-06-02T01:16:13.982Z","v":0}
{"name":"hexo","hostname":"HSZC1003-0230","pid":7452,"level":20,"msg":"Processed: \u001b[35mlanguages/id.yml\u001b[39m","time":"2017-06-02T01:16:13.983Z","v":0}
{"name":"hexo","hostname":"HSZC1003-0230","pid":7452,"level":20,"msg":"Processed: \u001b[35mlanguages/ja.yml\u001b[39m","time":"2017-06-02T01:16:13.984Z","v":0}
{"name":"hexo","hostname":"HSZC1003-0230","pid":7452,"level":20,"msg":"Processed: \u001b[35mlanguages/ko.yml\u001b[39m","time":"2017-06-02T01:16:13.985Z","v":0}
{"name":"hexo","hostname":"HSZC1003-0230","pid":7452,"level":20,"msg":"Processed: \u001b[35mlanguages/pt-BR.yml\u001b[39m","time":"2017-06-02T01:16:13.987Z","v":0}
{"name":"hexo","hostname":"HSZC1003-0230","pid":7452,"level":20,"msg":"Processed: \u001b[35mlanguages/pt.yml\u001b[39m","time":"2017-06-02T01:16:13.988Z","v":0}
{"name":"hexo","hostname":"HSZC1003-0230","pid":7452,"level":20,"msg":"Processed: \u001b[35mlanguages/ru.yml\u001b[39m","time":"2017-06-02T01:16:13.989Z","v":0}
{"name":"hexo","hostname":"HSZC1003-0230","pid":7452,"level":20,"msg":"Processed: \u001b[35mlanguages/zh-Hans.yml\u001b[39m","time":"2017-06-02T01:16:13.990Z","v":0}
{"name":"hexo","hostname":"HSZC1003-0230","pid":7452,"level":20,"msg":"Processed: \u001b[35mlanguages/zh-hk.yml\u001b[39m","time":"2017-06-02T01:16:13.991Z","v":0}
{"name":"hexo","hostname":"HSZC1003-0230","pid":7452,"level":20,"msg":"Processed: \u001b[35mlanguages/zh-tw.yml\u001b[39m","time":"2017-06-02T01:16:13.991Z","v":0}
{"name":"hexo","hostname":"HSZC1003-0230","pid":7452,"level":20,"msg":"Processed: \u001b[35msource/js/src/affix.js\u001b[39m","time":"2017-06-02T01:16:14.043Z","v":0}
{"name":"hexo","hostname":"HSZC1003-0230","pid":7452,"level":20,"msg":"Processed: \u001b[35msource/js/src/algolia-search.js\u001b[39m","time":"2017-06-02T01:16:14.044Z","v":0}
{"name":"hexo","hostname":"HSZC1003-0230","pid":7452,"level":20,"msg":"Processed: \u001b[35msource/js/src/bootstrap.js\u001b[39m","time":"2017-06-02T01:16:14.047Z","v":0}
{"name":"hexo","hostname":"HSZC1003-0230","pid":7452,"level":20,"msg":"Processed: \u001b[35msource/js/src/exturl.js\u001b[39m","time":"2017-06-02T01:16:14.051Z","v":0}
{"name":"hexo","hostname":"HSZC1003-0230","pid":7452,"level":20,"msg":"Processed: \u001b[35msource/js/src/hook-duoshuo.js\u001b[39m","time":"2017-06-02T01:16:14.053Z","v":0}
{"name":"hexo","hostname":"HSZC1003-0230","pid":7452,"level":20,"msg":"Processed: \u001b[35msource/js/src/js.cookie.js\u001b[39m","time":"2017-06-02T01:16:14.054Z","v":0}
{"name":"hexo","hostname":"HSZC1003-0230","pid":7452,"level":20,"msg":"Processed: \u001b[35msource/js/src/motion.js\u001b[39m","time":"2017-06-02T01:16:14.055Z","v":0}
{"name":"hexo","hostname":"HSZC1003-0230","pid":7452,"level":20,"msg":"Processed: \u001b[35msource/js/src/post-details.js\u001b[39m","time":"2017-06-02T01:16:14.056Z","v":0}
{"name":"hexo","hostname":"HSZC1003-0230","pid":7452,"level":20,"msg":"Processed: \u001b[35msource/js/src/scroll-cookie.js\u001b[39m","time":"2017-06-02T01:16:14.058Z","v":0}
{"name":"hexo","hostname":"HSZC1003-0230","pid":7452,"level":20,"msg":"Processed: \u001b[35msource/js/src/scrollspy.js\u001b[39m","time":"2017-06-02T01:16:14.059Z","v":0}
{"name":"hexo","hostname":"HSZC1003-0230","pid":7452,"level":20,"msg":"Processed: \u001b[35msource/js/src/utils.js\u001b[39m","time":"2017-06-02T01:16:14.061Z","v":0}
{"name":"hexo","hostname":"HSZC1003-0230","pid":7452,"level":20,"msg":"Processed: \u001b[35msource/lib/algolia-instant-search/instantsearch.min.css\u001b[39m","time":"2017-06-02T01:16:14.062Z","v":0}
{"name":"hexo","hostname":"HSZC1003-0230","pid":7452,"level":20,"msg":"Processed: \u001b[35msource/lib/canvas-ribbon/canvas-ribbon.js\u001b[39m","time":"2017-06-02T01:16:14.065Z","v":0}
{"name":"hexo","hostname":"HSZC1003-0230","pid":7452,"level":20,"msg":"Processed: \u001b[35msource/lib/canvas-nest/canvas-nest.min.js\u001b[39m","time":"2017-06-02T01:16:14.067Z","v":0}
{"name":"hexo","hostname":"HSZC1003-0230","pid":7452,"level":20,"msg":"Processed: \u001b[35msource/lib/fastclick/LICENSE\u001b[39m","time":"2017-06-02T01:16:14.069Z","v":0}
{"name":"hexo","hostname":"HSZC1003-0230","pid":7452,"level":20,"msg":"Processed: \u001b[35msource/lib/fastclick/README.md\u001b[39m","time":"2017-06-02T01:16:14.070Z","v":0}
{"name":"hexo","hostname":"HSZC1003-0230","pid":7452,"level":20,"msg":"Processed: \u001b[35msource/lib/fastclick/bower.json\u001b[39m","time":"2017-06-02T01:16:14.072Z","v":0}
{"name":"hexo","hostname":"HSZC1003-0230","pid":7452,"level":20,"msg":"Processed: \u001b[35msource/lib/font-awesome/HELP-US-OUT.txt\u001b[39m","time":"2017-06-02T01:16:14.074Z","v":0}
{"name":"hexo","hostname":"HSZC1003-0230","pid":7452,"level":20,"msg":"Processed: \u001b[35msource/lib/font-awesome/bower.json\u001b[39m","time":"2017-06-02T01:16:14.075Z","v":0}
{"name":"hexo","hostname":"HSZC1003-0230","pid":7452,"level":20,"msg":"Processed: \u001b[35msource/lib/jquery_lazyload/CONTRIBUTING.md\u001b[39m","time":"2017-06-02T01:16:14.076Z","v":0}
{"name":"hexo","hostname":"HSZC1003-0230","pid":7452,"level":20,"msg":"Processed: \u001b[35msource/lib/jquery_lazyload/README.md\u001b[39m","time":"2017-06-02T01:16:14.082Z","v":0}
{"name":"hexo","hostname":"HSZC1003-0230","pid":7452,"level":20,"msg":"Processed: \u001b[35msource/lib/jquery_lazyload/bower.json\u001b[39m","time":"2017-06-02T01:16:14.084Z","v":0}
{"name":"hexo","hostname":"HSZC1003-0230","pid":7452,"level":20,"msg":"Processed: \u001b[35msource/lib/jquery_lazyload/jquery.lazyload.js\u001b[39m","time":"2017-06-02T01:16:14.085Z","v":0}
{"name":"hexo","hostname":"HSZC1003-0230","pid":7452,"level":20,"msg":"Processed: \u001b[35msource/lib/jquery_lazyload/jquery.scrollstop.js\u001b[39m","time":"2017-06-02T01:16:14.086Z","v":0}
{"name":"hexo","hostname":"HSZC1003-0230","pid":7452,"level":20,"msg":"Processed: \u001b[35msource/lib/pace/pace-theme-barber-shop.min.css\u001b[39m","time":"2017-06-02T01:16:14.087Z","v":0}
{"name":"hexo","hostname":"HSZC1003-0230","pid":7452,"level":20,"msg":"Processed: \u001b[35msource/lib/pace/pace-theme-big-counter.min.css\u001b[39m","time":"2017-06-02T01:16:14.089Z","v":0}
{"name":"hexo","hostname":"HSZC1003-0230","pid":7452,"level":20,"msg":"Processed: \u001b[35msource/lib/pace/pace-theme-bounce.min.css\u001b[39m","time":"2017-06-02T01:16:14.090Z","v":0}
{"name":"hexo","hostname":"HSZC1003-0230","pid":7452,"level":20,"msg":"Processed: \u001b[35msource/lib/pace/pace-theme-center-atom.min.css\u001b[39m","time":"2017-06-02T01:16:14.091Z","v":0}
{"name":"hexo","hostname":"HSZC1003-0230","pid":7452,"level":20,"msg":"Processed: \u001b[35msource/lib/pace/pace-theme-center-circle.min.css\u001b[39m","time":"2017-06-02T01:16:14.093Z","v":0}
{"name":"hexo","hostname":"HSZC1003-0230","pid":7452,"level":20,"msg":"Processed: \u001b[35msource/lib/pace/pace-theme-center-radar.min.css\u001b[39m","time":"2017-06-02T01:16:14.095Z","v":0}
{"name":"hexo","hostname":"HSZC1003-0230","pid":7452,"level":20,"msg":"Processed: \u001b[35msource/lib/pace/pace-theme-center-simple.min.css\u001b[39m","time":"2017-06-02T01:16:14.097Z","v":0}
{"name":"hexo","hostname":"HSZC1003-0230","pid":7452,"level":20,"msg":"Processed: \u001b[35msource/lib/pace/pace-theme-corner-indicator.min.css\u001b[39m","time":"2017-06-02T01:16:14.099Z","v":0}
{"name":"hexo","hostname":"HSZC1003-0230","pid":7452,"level":20,"msg":"Processed: \u001b[35msource/lib/pace/pace-theme-fill-left.min.css\u001b[39m","time":"2017-06-02T01:16:14.102Z","v":0}
{"name":"hexo","hostname":"HSZC1003-0230","pid":7452,"level":20,"msg":"Processed: \u001b[35msource/lib/pace/pace-theme-flash.min.css\u001b[39m","time":"2017-06-02T01:16:14.103Z","v":0}
{"name":"hexo","hostname":"HSZC1003-0230","pid":7452,"level":20,"msg":"Processed: \u001b[35msource/lib/pace/pace-theme-loading-bar.min.css\u001b[39m","time":"2017-06-02T01:16:14.105Z","v":0}
{"name":"hexo","hostname":"HSZC1003-0230","pid":7452,"level":20,"msg":"Processed: \u001b[35msource/lib/pace/pace-theme-mac-osx.min.css\u001b[39m","time":"2017-06-02T01:16:14.106Z","v":0}
{"name":"hexo","hostname":"HSZC1003-0230","pid":7452,"level":20,"msg":"Processed: \u001b[35msource/lib/pace/pace-theme-minimal.min.css\u001b[39m","time":"2017-06-02T01:16:14.107Z","v":0}
{"name":"hexo","hostname":"HSZC1003-0230","pid":7452,"level":20,"msg":"Processed: \u001b[35msource/lib/pace/pace.min.js\u001b[39m","time":"2017-06-02T01:16:14.109Z","v":0}
{"name":"hexo","hostname":"HSZC1003-0230","pid":7452,"level":20,"msg":"Processed: \u001b[35msource/lib/three/canvas_lines.min.js\u001b[39m","time":"2017-06-02T01:16:14.112Z","v":0}
{"name":"hexo","hostname":"HSZC1003-0230","pid":7452,"level":20,"msg":"Processed: \u001b[35msource/lib/three/canvas_sphere.min.js\u001b[39m","time":"2017-06-02T01:16:14.114Z","v":0}
{"name":"hexo","hostname":"HSZC1003-0230","pid":7452,"level":20,"msg":"Processed: \u001b[35msource/lib/three/three-waves.min.js\u001b[39m","time":"2017-06-02T01:16:14.116Z","v":0}
{"name":"hexo","hostname":"HSZC1003-0230","pid":7452,"level":20,"msg":"Processed: \u001b[35msource/lib/velocity/bower.json\u001b[39m","time":"2017-06-02T01:16:14.117Z","v":0}
{"name":"hexo","hostname":"HSZC1003-0230","pid":7452,"level":20,"msg":"Processed: \u001b[35msource/lib/velocity/velocity.min.js\u001b[39m","time":"2017-06-02T01:16:14.119Z","v":0}
{"name":"hexo","hostname":"HSZC1003-0230","pid":7452,"level":20,"msg":"Processed: \u001b[35msource/lib/velocity/velocity.ui.js\u001b[39m","time":"2017-06-02T01:16:14.120Z","v":0}
{"name":"hexo","hostname":"HSZC1003-0230","pid":7452,"level":20,"msg":"Processed: \u001b[35msource/lib/velocity/velocity.ui.min.js\u001b[39m","time":"2017-06-02T01:16:14.121Z","v":0}
{"name":"hexo","hostname":"HSZC1003-0230","pid":7452,"level":20,"msg":"Processed: \u001b[35mlayout/_custom/header.swig\u001b[39m","time":"2017-06-02T01:16:14.262Z","v":0}
{"name":"hexo","hostname":"HSZC1003-0230","pid":7452,"level":20,"msg":"Processed: \u001b[35mlayout/_custom/sidebar.swig\u001b[39m","time":"2017-06-02T01:16:14.263Z","v":0}
{"name":"hexo","hostname":"HSZC1003-0230","pid":7452,"level":20,"msg":"Processed: \u001b[35mlayout/_macro/post-collapse.swig\u001b[39m","time":"2017-06-02T01:16:14.264Z","v":0}
{"name":"hexo","hostname":"HSZC1003-0230","pid":7452,"level":20,"msg":"Processed: \u001b[35mlayout/_macro/post-copyright.swig\u001b[39m","time":"2017-06-02T01:16:14.265Z","v":0}
{"name":"hexo","hostname":"HSZC1003-0230","pid":7452,"level":20,"msg":"Processed: \u001b[35mlayout/_macro/post.swig\u001b[39m","time":"2017-06-02T01:16:14.266Z","v":0}
{"name":"hexo","hostname":"HSZC1003-0230","pid":7452,"level":20,"msg":"Processed: \u001b[35mlayout/_macro/reward.swig\u001b[39m","time":"2017-06-02T01:16:14.267Z","v":0}
{"name":"hexo","hostname":"HSZC1003-0230","pid":7452,"level":20,"msg":"Processed: \u001b[35mlayout/_macro/sidebar.swig\u001b[39m","time":"2017-06-02T01:16:14.268Z","v":0}
{"name":"hexo","hostname":"HSZC1003-0230","pid":7452,"level":20,"msg":"Processed: \u001b[35mlayout/_partials/comments.swig\u001b[39m","time":"2017-06-02T01:16:14.269Z","v":0}
{"name":"hexo","hostname":"HSZC1003-0230","pid":7452,"level":20,"msg":"Processed: \u001b[35mlayout/_macro/wechat-subscriber.swig\u001b[39m","time":"2017-06-02T01:16:14.270Z","v":0}
{"name":"hexo","hostname":"HSZC1003-0230","pid":7452,"level":20,"msg":"Processed: \u001b[35mlayout/_partials/footer.swig\u001b[39m","time":"2017-06-02T01:16:14.271Z","v":0}
{"name":"hexo","hostname":"HSZC1003-0230","pid":7452,"level":20,"msg":"Processed: \u001b[35mlayout/_partials/head.swig\u001b[39m","time":"2017-06-02T01:16:14.272Z","v":0}
{"name":"hexo","hostname":"HSZC1003-0230","pid":7452,"level":20,"msg":"Processed: \u001b[35mlayout/_partials/header.swig\u001b[39m","time":"2017-06-02T01:16:14.274Z","v":0}
{"name":"hexo","hostname":"HSZC1003-0230","pid":7452,"level":20,"msg":"Processed: \u001b[35mlayout/_partials/page-header.swig\u001b[39m","time":"2017-06-02T01:16:14.275Z","v":0}
{"name":"hexo","hostname":"HSZC1003-0230","pid":7452,"level":20,"msg":"Processed: \u001b[35mlayout/_partials/search.swig\u001b[39m","time":"2017-06-02T01:16:14.276Z","v":0}
{"name":"hexo","hostname":"HSZC1003-0230","pid":7452,"level":20,"msg":"Processed: \u001b[35mlayout/_partials/pagination.swig\u001b[39m","time":"2017-06-02T01:16:14.277Z","v":0}
{"name":"hexo","hostname":"HSZC1003-0230","pid":7452,"level":20,"msg":"Processed: \u001b[35mlayout/_scripts/boostrap.swig\u001b[39m","time":"2017-06-02T01:16:14.278Z","v":0}
{"name":"hexo","hostname":"HSZC1003-0230","pid":7452,"level":20,"msg":"Processed: \u001b[35mlayout/_scripts/commons.swig\u001b[39m","time":"2017-06-02T01:16:14.279Z","v":0}
{"name":"hexo","hostname":"HSZC1003-0230","pid":7452,"level":20,"msg":"Processed: \u001b[35mlayout/_scripts/vendors.swig\u001b[39m","time":"2017-06-02T01:16:14.280Z","v":0}
{"name":"hexo","hostname":"HSZC1003-0230","pid":7452,"level":20,"msg":"Processed: \u001b[35mlayout/_third-party/duoshuo-hot-articles.swig\u001b[39m","time":"2017-06-02T01:16:14.280Z","v":0}
{"name":"hexo","hostname":"HSZC1003-0230","pid":7452,"level":20,"msg":"Processed: \u001b[35mlayout/_third-party/exturl.swig\u001b[39m","time":"2017-06-02T01:16:14.281Z","v":0}
{"name":"hexo","hostname":"HSZC1003-0230","pid":7452,"level":20,"msg":"Processed: \u001b[35mlayout/_third-party/mathjax.swig\u001b[39m","time":"2017-06-02T01:16:14.283Z","v":0}
{"name":"hexo","hostname":"HSZC1003-0230","pid":7452,"level":20,"msg":"Processed: \u001b[35mlayout/_third-party/rating.swig\u001b[39m","time":"2017-06-02T01:16:14.283Z","v":0}
{"name":"hexo","hostname":"HSZC1003-0230","pid":7452,"level":20,"msg":"Processed: \u001b[35mlayout/_third-party/schedule.swig\u001b[39m","time":"2017-06-02T01:16:14.284Z","v":0}
{"name":"hexo","hostname":"HSZC1003-0230","pid":7452,"level":20,"msg":"Processed: \u001b[35mlayout/_third-party/scroll-cookie.swig\u001b[39m","time":"2017-06-02T01:16:14.285Z","v":0}
{"name":"hexo","hostname":"HSZC1003-0230","pid":7452,"level":20,"msg":"Processed: \u001b[35msource/lib/jquery/index.js\u001b[39m","time":"2017-06-02T01:16:14.290Z","v":0}
{"name":"hexo","hostname":"HSZC1003-0230","pid":7452,"level":20,"msg":"Processed: \u001b[35mlayout/_scripts/schemes/mist.swig\u001b[39m","time":"2017-06-02T01:16:14.308Z","v":0}
{"name":"hexo","hostname":"HSZC1003-0230","pid":7452,"level":20,"msg":"Processed: \u001b[35mlayout/_scripts/schemes/muse.swig\u001b[39m","time":"2017-06-02T01:16:14.310Z","v":0}
{"name":"hexo","hostname":"HSZC1003-0230","pid":7452,"level":20,"msg":"Processed: \u001b[35msource/js/src/schemes/pisces.js\u001b[39m","time":"2017-06-02T01:16:14.324Z","v":0}
{"name":"hexo","hostname":"HSZC1003-0230","pid":7452,"level":20,"msg":"Processed: \u001b[35msource/lib/Han/dist/han.min.css\u001b[39m","time":"2017-06-02T01:16:14.326Z","v":0}
{"name":"hexo","hostname":"HSZC1003-0230","pid":7452,"level":20,"msg":"Processed: \u001b[35msource/lib/Han/dist/han.min.js\u001b[39m","time":"2017-06-02T01:16:14.328Z","v":0}
{"name":"hexo","hostname":"HSZC1003-0230","pid":7452,"level":20,"msg":"Processed: \u001b[35msource/lib/fancybox/source/blank.gif\u001b[39m","time":"2017-06-02T01:16:14.329Z","v":0}
{"name":"hexo","hostname":"HSZC1003-0230","pid":7452,"level":20,"msg":"Processed: \u001b[35msource/lib/fancybox/source/fancybox_loading@2x.gif\u001b[39m","time":"2017-06-02T01:16:14.331Z","v":0}
{"name":"hexo","hostname":"HSZC1003-0230","pid":7452,"level":20,"msg":"Processed: \u001b[35msource/lib/fancybox/source/fancybox_loading.gif\u001b[39m","time":"2017-06-02T01:16:14.332Z","v":0}
{"name":"hexo","hostname":"HSZC1003-0230","pid":7452,"level":20,"msg":"Processed: \u001b[35msource/lib/fancybox/source/fancybox_overlay.png\u001b[39m","time":"2017-06-02T01:16:14.334Z","v":0}
{"name":"hexo","hostname":"HSZC1003-0230","pid":7452,"level":20,"msg":"Processed: \u001b[35msource/lib/fancybox/source/fancybox_sprite@2x.png\u001b[39m","time":"2017-06-02T01:16:14.335Z","v":0}
{"name":"hexo","hostname":"HSZC1003-0230","pid":7452,"level":20,"msg":"Processed: \u001b[35msource/lib/fancybox/source/fancybox_sprite.png\u001b[39m","time":"2017-06-02T01:16:14.336Z","v":0}
{"name":"hexo","hostname":"HSZC1003-0230","pid":7452,"level":20,"msg":"Processed: \u001b[35msource/lib/fancybox/source/jquery.fancybox.css\u001b[39m","time":"2017-06-02T01:16:14.337Z","v":0}
{"name":"hexo","hostname":"HSZC1003-0230","pid":7452,"level":20,"msg":"Processed: \u001b[35msource/lib/fancybox/source/jquery.fancybox.js\u001b[39m","time":"2017-06-02T01:16:14.339Z","v":0}
{"name":"hexo","hostname":"HSZC1003-0230","pid":7452,"level":20,"msg":"Processed: \u001b[35msource/lib/fancybox/source/jquery.fancybox.pack.js\u001b[39m","time":"2017-06-02T01:16:14.340Z","v":0}
{"name":"hexo","hostname":"HSZC1003-0230","pid":7452,"level":20,"msg":"Processed: \u001b[35msource/lib/fastclick/lib/fastclick.js\u001b[39m","time":"2017-06-02T01:16:14.342Z","v":0}
{"name":"hexo","hostname":"HSZC1003-0230","pid":7452,"level":20,"msg":"Processed: \u001b[35msource/lib/fastclick/lib/fastclick.min.js\u001b[39m","time":"2017-06-02T01:16:14.344Z","v":0}
{"name":"hexo","hostname":"HSZC1003-0230","pid":7452,"level":20,"msg":"Processed: \u001b[35msource/lib/font-awesome/css/font-awesome.css\u001b[39m","time":"2017-06-02T01:16:14.346Z","v":0}
{"name":"hexo","hostname":"HSZC1003-0230","pid":7452,"level":20,"msg":"Processed: \u001b[35msource/lib/font-awesome/css/font-awesome.css.map\u001b[39m","time":"2017-06-02T01:16:14.348Z","v":0}
{"name":"hexo","hostname":"HSZC1003-0230","pid":7452,"level":20,"msg":"Processed: \u001b[35msource/lib/font-awesome/css/font-awesome.min.css\u001b[39m","time":"2017-06-02T01:16:14.349Z","v":0}
{"name":"hexo","hostname":"HSZC1003-0230","pid":7452,"level":20,"msg":"Processed: \u001b[35msource/lib/ua-parser-js/dist/ua-parser.min.js\u001b[39m","time":"2017-06-02T01:16:14.351Z","v":0}
{"name":"hexo","hostname":"HSZC1003-0230","pid":7452,"level":20,"msg":"Processed: \u001b[35msource/lib/ua-parser-js/dist/ua-parser.pack.js\u001b[39m","time":"2017-06-02T01:16:14.352Z","v":0}
{"name":"hexo","hostname":"HSZC1003-0230","pid":7452,"level":20,"msg":"Processed: \u001b[35mlayout/_partials/head/custom-head.swig\u001b[39m","time":"2017-06-02T01:16:14.430Z","v":0}
{"name":"hexo","hostname":"HSZC1003-0230","pid":7452,"level":20,"msg":"Processed: \u001b[35mlayout/_partials/head/external-fonts.swig\u001b[39m","time":"2017-06-02T01:16:14.431Z","v":0}
{"name":"hexo","hostname":"HSZC1003-0230","pid":7452,"level":20,"msg":"Processed: \u001b[35mlayout/_partials/search/localsearch.swig\u001b[39m","time":"2017-06-02T01:16:14.432Z","v":0}
{"name":"hexo","hostname":"HSZC1003-0230","pid":7452,"level":20,"msg":"Processed: \u001b[35mlayout/_partials/search/swiftype.swig\u001b[39m","time":"2017-06-02T01:16:14.433Z","v":0}
{"name":"hexo","hostname":"HSZC1003-0230","pid":7452,"level":20,"msg":"Processed: \u001b[35mlayout/_partials/search/tinysou.swig\u001b[39m","time":"2017-06-02T01:16:14.434Z","v":0}
{"name":"hexo","hostname":"HSZC1003-0230","pid":7452,"level":20,"msg":"Processed: \u001b[35mlayout/_partials/share/add-this.swig\u001b[39m","time":"2017-06-02T01:16:14.435Z","v":0}
{"name":"hexo","hostname":"HSZC1003-0230","pid":7452,"level":20,"msg":"Processed: \u001b[35mlayout/_partials/share/baidushare.swig\u001b[39m","time":"2017-06-02T01:16:14.436Z","v":0}
{"name":"hexo","hostname":"HSZC1003-0230","pid":7452,"level":20,"msg":"Processed: \u001b[35mlayout/_partials/share/duoshuo_share.swig\u001b[39m","time":"2017-06-02T01:16:14.436Z","v":0}
{"name":"hexo","hostname":"HSZC1003-0230","pid":7452,"level":20,"msg":"Processed: \u001b[35mlayout/_partials/share/jiathis.swig\u001b[39m","time":"2017-06-02T01:16:14.437Z","v":0}
{"name":"hexo","hostname":"HSZC1003-0230","pid":7452,"level":20,"msg":"Processed: \u001b[35mlayout/_scripts/pages/post-details.swig\u001b[39m","time":"2017-06-02T01:16:14.438Z","v":0}
{"name":"hexo","hostname":"HSZC1003-0230","pid":7452,"level":20,"msg":"Processed: \u001b[35mlayout/_scripts/schemes/pisces.swig\u001b[39m","time":"2017-06-02T01:16:14.439Z","v":0}
{"name":"hexo","hostname":"HSZC1003-0230","pid":7452,"level":20,"msg":"Processed: \u001b[35mlayout/_third-party/analytics/application-insights.swig\u001b[39m","time":"2017-06-02T01:16:14.440Z","v":0}
{"name":"hexo","hostname":"HSZC1003-0230","pid":7452,"level":20,"msg":"Processed: \u001b[35mlayout/_third-party/analytics/baidu-analytics.swig\u001b[39m","time":"2017-06-02T01:16:14.442Z","v":0}
{"name":"hexo","hostname":"HSZC1003-0230","pid":7452,"level":20,"msg":"Processed: \u001b[35mlayout/_third-party/analytics/busuanzi-counter.swig\u001b[39m","time":"2017-06-02T01:16:14.443Z","v":0}
{"name":"hexo","hostname":"HSZC1003-0230","pid":7452,"level":20,"msg":"Processed: \u001b[35mlayout/_third-party/analytics/cnzz-analytics.swig\u001b[39m","time":"2017-06-02T01:16:14.445Z","v":0}
{"name":"hexo","hostname":"HSZC1003-0230","pid":7452,"level":20,"msg":"Processed: \u001b[35mlayout/_third-party/analytics/facebook-sdk.swig\u001b[39m","time":"2017-06-02T01:16:14.446Z","v":0}
{"name":"hexo","hostname":"HSZC1003-0230","pid":7452,"level":20,"msg":"Processed: \u001b[35mlayout/_third-party/analytics/google-analytics.swig\u001b[39m","time":"2017-06-02T01:16:14.447Z","v":0}
{"name":"hexo","hostname":"HSZC1003-0230","pid":7452,"level":20,"msg":"Processed: \u001b[35mlayout/_third-party/analytics/index.swig\u001b[39m","time":"2017-06-02T01:16:14.449Z","v":0}
{"name":"hexo","hostname":"HSZC1003-0230","pid":7452,"level":20,"msg":"Processed: \u001b[35mlayout/_third-party/analytics/lean-analytics.swig\u001b[39m","time":"2017-06-02T01:16:14.450Z","v":0}
{"name":"hexo","hostname":"HSZC1003-0230","pid":7452,"level":20,"msg":"Processed: \u001b[35mlayout/_third-party/analytics/tencent-analytics.swig\u001b[39m","time":"2017-06-02T01:16:14.451Z","v":0}
{"name":"hexo","hostname":"HSZC1003-0230","pid":7452,"level":20,"msg":"Processed: \u001b[35mlayout/_third-party/analytics/tencent-mta.swig\u001b[39m","time":"2017-06-02T01:16:14.453Z","v":0}
{"name":"hexo","hostname":"HSZC1003-0230","pid":7452,"level":20,"msg":"Processed: \u001b[35mlayout/_third-party/analytics/vkontakte-api.swig\u001b[39m","time":"2017-06-02T01:16:14.454Z","v":0}
{"name":"hexo","hostname":"HSZC1003-0230","pid":7452,"level":20,"msg":"Processed: \u001b[35mlayout/_third-party/comments/changyan.swig\u001b[39m","time":"2017-06-02T01:16:14.455Z","v":0}
{"name":"hexo","hostname":"HSZC1003-0230","pid":7452,"level":20,"msg":"Processed: \u001b[35mlayout/_third-party/comments/disqus.swig\u001b[39m","time":"2017-06-02T01:16:14.456Z","v":0}
{"name":"hexo","hostname":"HSZC1003-0230","pid":7452,"level":20,"msg":"Processed: \u001b[35mlayout/_third-party/comments/duoshuo.swig\u001b[39m","time":"2017-06-02T01:16:14.457Z","v":0}
{"name":"hexo","hostname":"HSZC1003-0230","pid":7452,"level":20,"msg":"Processed: \u001b[35mlayout/_third-party/comments/gentie.swig\u001b[39m","time":"2017-06-02T01:16:14.458Z","v":0}
{"name":"hexo","hostname":"HSZC1003-0230","pid":7452,"level":20,"msg":"Processed: \u001b[35mlayout/_third-party/comments/hypercomments.swig\u001b[39m","time":"2017-06-02T01:16:14.459Z","v":0}
{"name":"hexo","hostname":"HSZC1003-0230","pid":7452,"level":20,"msg":"Processed: \u001b[35mlayout/_third-party/comments/index.swig\u001b[39m","time":"2017-06-02T01:16:14.461Z","v":0}
{"name":"hexo","hostname":"HSZC1003-0230","pid":7452,"level":20,"msg":"Processed: \u001b[35mlayout/_third-party/comments/youyan.swig\u001b[39m","time":"2017-06-02T01:16:14.462Z","v":0}
{"name":"hexo","hostname":"HSZC1003-0230","pid":7452,"level":20,"msg":"Processed: \u001b[35mlayout/_third-party/comments/livere.swig\u001b[39m","time":"2017-06-02T01:16:14.463Z","v":0}
{"name":"hexo","hostname":"HSZC1003-0230","pid":7452,"level":20,"msg":"Processed: \u001b[35mlayout/_third-party/search/tinysou.swig\u001b[39m","time":"2017-06-02T01:16:14.464Z","v":0}
{"name":"hexo","hostname":"HSZC1003-0230","pid":7452,"level":20,"msg":"Processed: \u001b[35mlayout/_third-party/seo/baidu-push.swig\u001b[39m","time":"2017-06-02T01:16:14.465Z","v":0}
{"name":"hexo","hostname":"HSZC1003-0230","pid":7452,"level":20,"msg":"Processed: \u001b[35mlayout/_third-party/search/index.swig\u001b[39m","time":"2017-06-02T01:16:14.466Z","v":0}
{"name":"hexo","hostname":"HSZC1003-0230","pid":7452,"level":20,"msg":"Processed: \u001b[35mlayout/_third-party/search/localsearch.swig\u001b[39m","time":"2017-06-02T01:16:14.467Z","v":0}
{"name":"hexo","hostname":"HSZC1003-0230","pid":7452,"level":20,"msg":"Processed: \u001b[35msource/lib/Han/dist/han.css\u001b[39m","time":"2017-06-02T01:16:14.469Z","v":0}
{"name":"hexo","hostname":"HSZC1003-0230","pid":7452,"level":20,"msg":"Processed: \u001b[35msource/lib/Han/dist/han.js\u001b[39m","time":"2017-06-02T01:16:14.471Z","v":0}
{"name":"hexo","hostname":"HSZC1003-0230","pid":7452,"level":20,"msg":"Processed: \u001b[35msource/lib/font-awesome/fonts/fontawesome-webfont.woff\u001b[39m","time":"2017-06-02T01:16:14.472Z","v":0}
{"name":"hexo","hostname":"HSZC1003-0230","pid":7452,"level":20,"msg":"Processed: \u001b[35msource/lib/font-awesome/fonts/fontawesome-webfont.woff2\u001b[39m","time":"2017-06-02T01:16:14.474Z","v":0}
{"name":"hexo","hostname":"HSZC1003-0230","pid":7452,"level":20,"msg":"Processed: \u001b[35msource/lib/velocity/velocity.js\u001b[39m","time":"2017-06-02T01:16:14.476Z","v":0}
{"name":"hexo","hostname":"HSZC1003-0230","pid":7452,"level":20,"msg":"Processed: \u001b[35msource/lib/Han/dist/font/han-space.otf\u001b[39m","time":"2017-06-02T01:16:14.497Z","v":0}
{"name":"hexo","hostname":"HSZC1003-0230","pid":7452,"level":20,"msg":"Processed: \u001b[35msource/lib/Han/dist/font/han-space.woff\u001b[39m","time":"2017-06-02T01:16:14.499Z","v":0}
{"name":"hexo","hostname":"HSZC1003-0230","pid":7452,"level":20,"msg":"Processed: \u001b[35msource/lib/Han/dist/font/han.otf\u001b[39m","time":"2017-06-02T01:16:14.501Z","v":0}
{"name":"hexo","hostname":"HSZC1003-0230","pid":7452,"level":20,"msg":"Processed: \u001b[35msource/lib/Han/dist/font/han.woff\u001b[39m","time":"2017-06-02T01:16:14.503Z","v":0}
{"name":"hexo","hostname":"HSZC1003-0230","pid":7452,"level":20,"msg":"Processed: \u001b[35msource/lib/fancybox/source/helpers/fancybox_buttons.png\u001b[39m","time":"2017-06-02T01:16:14.505Z","v":0}
{"name":"hexo","hostname":"HSZC1003-0230","pid":7452,"level":20,"msg":"Processed: \u001b[35msource/lib/fancybox/source/helpers/jquery.fancybox-buttons.js\u001b[39m","time":"2017-06-02T01:16:14.507Z","v":0}
{"name":"hexo","hostname":"HSZC1003-0230","pid":7452,"level":20,"msg":"Processed: \u001b[35msource/lib/fancybox/source/helpers/jquery.fancybox-media.js\u001b[39m","time":"2017-06-02T01:16:14.510Z","v":0}
{"name":"hexo","hostname":"HSZC1003-0230","pid":7452,"level":20,"msg":"Processed: \u001b[35msource/lib/fancybox/source/helpers/jquery.fancybox-buttons.css\u001b[39m","time":"2017-06-02T01:16:14.512Z","v":0}
{"name":"hexo","hostname":"HSZC1003-0230","pid":7452,"level":20,"msg":"Processed: \u001b[35msource/lib/fancybox/source/helpers/jquery.fancybox-thumbs.css\u001b[39m","time":"2017-06-02T01:16:14.514Z","v":0}
{"name":"hexo","hostname":"HSZC1003-0230","pid":7452,"level":20,"msg":"Processed: \u001b[35msource/lib/fancybox/source/helpers/jquery.fancybox-thumbs.js\u001b[39m","time":"2017-06-02T01:16:14.517Z","v":0}
{"name":"hexo","hostname":"HSZC1003-0230","pid":7452,"level":20,"msg":"Processed: \u001b[35msource/lib/font-awesome/fonts/FontAwesome.otf\u001b[39m","time":"2017-06-02T01:16:14.519Z","v":0}
{"name":"hexo","hostname":"HSZC1003-0230","pid":7452,"level":20,"msg":"Processed: \u001b[35msource/lib/font-awesome/fonts/fontawesome-webfont.eot\u001b[39m","time":"2017-06-02T01:16:14.520Z","v":0}
{"name":"hexo","hostname":"HSZC1003-0230","pid":7452,"level":20,"msg":"Processed: \u001b[35msource/lib/font-awesome/fonts/fontawesome-webfont.ttf\u001b[39m","time":"2017-06-02T01:16:14.522Z","v":0}
{"name":"hexo","hostname":"HSZC1003-0230","pid":7452,"level":20,"msg":"Processed: \u001b[35mlayout/_third-party/search/algolia-search/assets.swig\u001b[39m","time":"2017-06-02T01:16:14.530Z","v":0}
{"name":"hexo","hostname":"HSZC1003-0230","pid":7452,"level":20,"msg":"Processed: \u001b[35mlayout/_third-party/search/algolia-search/dom.swig\u001b[39m","time":"2017-06-02T01:16:14.532Z","v":0}
{"name":"hexo","hostname":"HSZC1003-0230","pid":7452,"level":20,"msg":"Processed: \u001b[35msource/lib/algolia-instant-search/instantsearch.min.js\u001b[39m","time":"2017-06-02T01:16:14.534Z","v":0}
{"name":"hexo","hostname":"HSZC1003-0230","pid":7452,"level":20,"msg":"Processed: \u001b[35msource/lib/three/three.min.js\u001b[39m","time":"2017-06-02T01:16:14.537Z","v":0}
{"name":"hexo","hostname":"HSZC1003-0230","pid":7452,"level":20,"msg":"Processed: \u001b[35msource/lib/font-awesome/fonts/fontawesome-webfont.svg\u001b[39m","time":"2017-06-02T01:16:14.539Z","v":0}
{"name":"hexo","hostname":"HSZC1003-0230","pid":7452,"level":20,"msg":"Generator: \u001b[35mpage\u001b[39m","time":"2017-06-02T01:16:15.310Z","v":0}
{"name":"hexo","hostname":"HSZC1003-0230","pid":7452,"level":20,"msg":"Generator: \u001b[35mpost\u001b[39m","time":"2017-06-02T01:16:15.312Z","v":0}
{"name":"hexo","hostname":"HSZC1003-0230","pid":7452,"level":20,"msg":"Generator: \u001b[35mcategory\u001b[39m","time":"2017-06-02T01:16:15.313Z","v":0}
{"name":"hexo","hostname":"HSZC1003-0230","pid":7452,"level":20,"msg":"Generator: \u001b[35mtag\u001b[39m","time":"2017-06-02T01:16:15.313Z","v":0}
{"name":"hexo","hostname":"HSZC1003-0230","pid":7452,"level":20,"msg":"Generator: \u001b[35mindex\u001b[39m","time":"2017-06-02T01:16:15.314Z","v":0}
{"name":"hexo","hostname":"HSZC1003-0230","pid":7452,"level":20,"msg":"Generator: \u001b[35marchive\u001b[39m","time":"2017-06-02T01:16:15.315Z","v":0}
{"name":"hexo","hostname":"HSZC1003-0230","pid":7452,"level":20,"msg":"Generator: \u001b[35masset\u001b[39m","time":"2017-06-02T01:16:15.396Z","v":0}
{"name":"hexo","hostname":"HSZC1003-0230","pid":7452,"level":30,"msg":"Hexo is running at \u001b[4mhttp://localhost:4000/blog/public/\u001b[24m. Press Ctrl+C to stop.","time":"2017-06-02T01:16:15.434Z","v":0}
{"name":"hexo","hostname":"HSZC1003-0230","pid":7452,"level":20,"msg":"Database saved","time":"2017-06-02T01:16:15.479Z","v":0}
{"name":"hexo","hostname":"HSZC1003-0230","pid":7452,"level":20,"msg":"Rendering index: \u001b[35mindex.html\u001b[39m","time":"2017-06-02T01:19:32.452Z","v":0}
{"name":"hexo","hostname":"HSZC1003-0230","pid":7452,"level":20,"msg":"Rendering index: \u001b[35mindex.html\u001b[39m","time":"2017-06-02T01:20:40.882Z","v":0}
{"name":"hexo","hostname":"HSZC1003-0230","pid":7452,"level":30,"msg":"Bye!","time":"2017-06-02T01:22:47.062Z","v":0}
{"name":"hexo","hostname":"HSZC1003-0230","pid":7452,"level":20,"msg":"Database saved","time":"2017-06-02T01:22:47.128Z","v":0}
